{"/home/travis/build/npmtest/node-npmtest-nodemon/test.js":{"path":"/home/travis/build/npmtest/node-npmtest-nodemon/test.js","s":{"1":2,"2":2,"3":2,"4":2,"5":2,"6":2,"7":2,"8":1,"9":2,"10":2,"11":1,"12":1,"13":1,"14":1,"15":2,"16":2,"17":2,"18":2,"19":1,"20":1,"21":2,"22":2,"23":2,"24":1,"25":1,"26":1,"27":1,"28":1,"29":1,"30":1,"31":1,"32":1,"33":1,"34":1,"35":1,"36":1,"37":1,"38":1,"39":2,"40":2,"41":1,"42":2,"43":2,"44":1,"45":2,"46":2,"47":1,"48":2,"49":2,"50":1,"51":1,"52":1,"53":1,"54":1},"b":{"1":[2,1,1,1],"2":[1,1,1,1],"3":[1,1],"4":[1,1],"5":[1,1],"6":[1,1],"7":[1,1],"8":[1,1],"9":[1,1],"10":[1,1,1],"11":[1,1],"12":[1,1],"13":[1,1],"14":[1,1],"15":[1,1],"16":[1,1],"17":[1,1]},"f":{"1":2,"2":2,"3":2,"4":2,"5":2,"6":1,"7":1,"8":1,"9":2,"10":2,"11":2,"12":2,"13":1},"fnMap":{"1":{"name":"(anonymous_1)","line":12,"loc":{"start":{"line":12,"column":1},"end":{"line":12,"column":13}}},"2":{"name":"(anonymous_2)","line":19,"loc":{"start":{"line":19,"column":5},"end":{"line":19,"column":17}}},"3":{"name":"(anonymous_3)","line":23,"loc":{"start":{"line":23,"column":24},"end":{"line":23,"column":36}}},"4":{"name":"(anonymous_4)","line":61,"loc":{"start":{"line":61,"column":5},"end":{"line":61,"column":17}}},"5":{"name":"(anonymous_5)","line":82,"loc":{"start":{"line":82,"column":5},"end":{"line":82,"column":17}}},"6":{"name":"(anonymous_6)","line":91,"loc":{"start":{"line":91,"column":77},"end":{"line":94,"column":10}}},"7":{"name":"(anonymous_7)","line":112,"loc":{"start":{"line":112,"column":83},"end":{"line":115,"column":10}},"skip":true},"8":{"name":"(anonymous_8)","line":123,"loc":{"start":{"line":123,"column":77},"end":{"line":126,"column":10}},"skip":true},"9":{"name":"(anonymous_9)","line":139,"loc":{"start":{"line":139,"column":12},"end":{"line":139,"column":40}},"skip":true},"10":{"name":"(anonymous_10)","line":147,"loc":{"start":{"line":147,"column":77},"end":{"line":150,"column":10}},"skip":true},"11":{"name":"(anonymous_11)","line":158,"loc":{"start":{"line":158,"column":83},"end":{"line":161,"column":10}},"skip":true},"12":{"name":"(anonymous_12)","line":169,"loc":{"start":{"line":169,"column":79},"end":{"line":172,"column":10}},"skip":true},"13":{"name":"(anonymous_13)","line":180,"loc":{"start":{"line":180,"column":75},"end":{"line":183,"column":10}},"skip":true}},"statementMap":{"1":{"start":{"line":12,"column":0},"end":{"line":195,"column":5}},"2":{"start":{"line":14,"column":4},"end":{"line":14,"column":14}},"3":{"start":{"line":19,"column":4},"end":{"line":56,"column":9}},"4":{"start":{"line":21,"column":8},"end":{"line":21,"column":19}},"5":{"start":{"line":23,"column":8},"end":{"line":35,"column":13}},"6":{"start":{"line":24,"column":12},"end":{"line":34,"column":13}},"7":{"start":{"line":25,"column":16},"end":{"line":28,"column":30}},"8":{"start":{"line":30,"column":16},"end":{"line":33,"column":27}},"9":{"start":{"line":37,"column":8},"end":{"line":39,"column":21}},"10":{"start":{"line":40,"column":8},"end":{"line":53,"column":9}},"11":{"start":{"line":43,"column":12},"end":{"line":46,"column":14}},"12":{"start":{"line":47,"column":12},"end":{"line":47,"column":18}},"13":{"start":{"line":50,"column":12},"end":{"line":51,"column":33}},"14":{"start":{"line":52,"column":12},"end":{"line":52,"column":18}},"15":{"start":{"line":55,"column":8},"end":{"line":55,"column":35}},"16":{"start":{"line":61,"column":4},"end":{"line":63,"column":9}},"17":{"start":{"line":62,"column":8},"end":{"line":62,"column":15}},"18":{"start":{"line":64,"column":4},"end":{"line":77,"column":5}},"19":{"start":{"line":70,"column":8},"end":{"line":70,"column":14}},"20":{"start":{"line":76,"column":8},"end":{"line":76,"column":14}},"21":{"start":{"line":82,"column":4},"end":{"line":84,"column":9}},"22":{"start":{"line":83,"column":8},"end":{"line":83,"column":15}},"23":{"start":{"line":85,"column":4},"end":{"line":194,"column":5}},"24":{"start":{"line":91,"column":8},"end":{"line":99,"column":10}},"25":{"start":{"line":98,"column":12},"end":{"line":98,"column":35}},"26":{"start":{"line":102,"column":8},"end":{"line":104,"column":63}},"27":{"start":{"line":105,"column":8},"end":{"line":105,"column":14}},"28":{"start":{"line":112,"column":8},"end":{"line":121,"column":10},"skip":true},"29":{"start":{"line":119,"column":12},"end":{"line":119,"column":55},"skip":true},"30":{"start":{"line":120,"column":12},"end":{"line":120,"column":48},"skip":true},"31":{"start":{"line":123,"column":8},"end":{"line":136,"column":10},"skip":true},"32":{"start":{"line":130,"column":12},"end":{"line":130,"column":76},"skip":true},"33":{"start":{"line":131,"column":12},"end":{"line":131,"column":73},"skip":true},"34":{"start":{"line":132,"column":12},"end":{"line":132,"column":74},"skip":true},"35":{"start":{"line":133,"column":12},"end":{"line":133,"column":79},"skip":true},"36":{"start":{"line":134,"column":12},"end":{"line":134,"column":25},"skip":true},"37":{"start":{"line":135,"column":12},"end":{"line":135,"column":45},"skip":true},"38":{"start":{"line":138,"column":8},"end":{"line":145,"column":14},"skip":true},"39":{"start":{"line":143,"column":16},"end":{"line":143,"column":29},"skip":true},"40":{"start":{"line":144,"column":16},"end":{"line":144,"column":55},"skip":true},"41":{"start":{"line":147,"column":8},"end":{"line":156,"column":10},"skip":true},"42":{"start":{"line":154,"column":12},"end":{"line":154,"column":25},"skip":true},"43":{"start":{"line":155,"column":12},"end":{"line":155,"column":45},"skip":true},"44":{"start":{"line":158,"column":8},"end":{"line":167,"column":10},"skip":true},"45":{"start":{"line":165,"column":12},"end":{"line":165,"column":25},"skip":true},"46":{"start":{"line":166,"column":12},"end":{"line":166,"column":48},"skip":true},"47":{"start":{"line":169,"column":8},"end":{"line":178,"column":10},"skip":true},"48":{"start":{"line":176,"column":12},"end":{"line":176,"column":25},"skip":true},"49":{"start":{"line":177,"column":12},"end":{"line":177,"column":46},"skip":true},"50":{"start":{"line":180,"column":8},"end":{"line":189,"column":10},"skip":true},"51":{"start":{"line":187,"column":12},"end":{"line":187,"column":94},"skip":true},"52":{"start":{"line":188,"column":12},"end":{"line":188,"column":48},"skip":true},"53":{"start":{"line":192,"column":8},"end":{"line":192,"column":35},"skip":true},"54":{"start":{"line":193,"column":8},"end":{"line":193,"column":14},"skip":true}},"branchMap":{"1":{"line":25,"type":"binary-expr","locations":[{"start":{"line":25,"column":23},"end":{"line":25,"column":62}},{"start":{"line":26,"column":20},"end":{"line":26,"column":70}},{"start":{"line":27,"column":20},"end":{"line":27,"column":71}},{"start":{"line":28,"column":20},"end":{"line":28,"column":29}}]},"2":{"line":30,"type":"binary-expr","locations":[{"start":{"line":30,"column":23},"end":{"line":30,"column":37}},{"start":{"line":31,"column":20},"end":{"line":31,"column":61}},{"start":{"line":32,"column":20},"end":{"line":32,"column":70}},{"start":{"line":33,"column":20},"end":{"line":33,"column":26}}]},"3":{"line":37,"type":"cond-expr","locations":[{"start":{"line":38,"column":14},"end":{"line":38,"column":20}},{"start":{"line":39,"column":14},"end":{"line":39,"column":20}}]},"4":{"line":40,"type":"switch","locations":[{"start":{"line":42,"column":8},"end":{"line":47,"column":18}},{"start":{"line":49,"column":8},"end":{"line":52,"column":18}}]},"5":{"line":44,"type":"binary-expr","locations":[{"start":{"line":44,"column":16},"end":{"line":44,"column":44}},{"start":{"line":44,"column":48},"end":{"line":44,"column":66}}]},"6":{"line":50,"type":"binary-expr","locations":[{"start":{"line":50,"column":21},"end":{"line":50,"column":49}},{"start":{"line":50,"column":53},"end":{"line":50,"column":72}}]},"7":{"line":64,"type":"switch","locations":[{"start":{"line":69,"column":4},"end":{"line":70,"column":14}},{"start":{"line":75,"column":4},"end":{"line":76,"column":14}}]},"8":{"line":85,"type":"switch","locations":[{"start":{"line":90,"column":4},"end":{"line":105,"column":14}},{"start":{"line":111,"column":4},"end":{"line":193,"column":14},"skip":true}]},"9":{"line":91,"type":"binary-expr","locations":[{"start":{"line":91,"column":42},"end":{"line":91,"column":73}},{"start":{"line":91,"column":77},"end":{"line":99,"column":9}}]},"10":{"line":102,"type":"binary-expr","locations":[{"start":{"line":102,"column":18},"end":{"line":102,"column":32}},{"start":{"line":103,"column":12},"end":{"line":103,"column":53}},{"start":{"line":104,"column":12},"end":{"line":104,"column":61}}]},"11":{"line":112,"type":"binary-expr","locations":[{"start":{"line":112,"column":45},"end":{"line":112,"column":79},"skip":true},{"start":{"line":112,"column":83},"end":{"line":121,"column":9},"skip":true}]},"12":{"line":123,"type":"binary-expr","locations":[{"start":{"line":123,"column":42},"end":{"line":123,"column":73},"skip":true},{"start":{"line":123,"column":77},"end":{"line":136,"column":9},"skip":true}]},"13":{"line":138,"type":"binary-expr","locations":[{"start":{"line":138,"column":48},"end":{"line":138,"column":85},"skip":true},{"start":{"line":139,"column":12},"end":{"line":145,"column":13},"skip":true}]},"14":{"line":147,"type":"binary-expr","locations":[{"start":{"line":147,"column":42},"end":{"line":147,"column":73},"skip":true},{"start":{"line":147,"column":77},"end":{"line":156,"column":9},"skip":true}]},"15":{"line":158,"type":"binary-expr","locations":[{"start":{"line":158,"column":45},"end":{"line":158,"column":79},"skip":true},{"start":{"line":158,"column":83},"end":{"line":167,"column":9},"skip":true}]},"16":{"line":169,"type":"binary-expr","locations":[{"start":{"line":169,"column":43},"end":{"line":169,"column":75},"skip":true},{"start":{"line":169,"column":79},"end":{"line":178,"column":9},"skip":true}]},"17":{"line":180,"type":"binary-expr","locations":[{"start":{"line":180,"column":41},"end":{"line":180,"column":71},"skip":true},{"start":{"line":180,"column":75},"end":{"line":189,"column":9},"skip":true}]}},"code":["/* istanbul instrument in package npmtest_nodemon */","/*jslint","    bitwise: true,","    browser: true,","    maxerr: 8,","    maxlen: 96,","    node: true,","    nomen: true,","    regexp: true,","    stupid: true","*/","(function () {","    'use strict';","    var local;","","","","    // run shared js-env code - init-before","    (function () {","        // init local","        local = {};","        // init modeJs","        local.modeJs = (function () {","            try {","                return typeof navigator.userAgent === 'string' &&","                    typeof document.querySelector('body') === 'object' &&","                    typeof XMLHttpRequest.prototype.open === 'function' &&","                    'browser';","            } catch (errorCaughtBrowser) {","                return module.exports &&","                    typeof process.versions.node === 'string' &&","                    typeof require('http').createServer === 'function' &&","                    'node';","            }","        }());","        // init global","        local.global = local.modeJs === 'browser'","            ? window","            : global;","        switch (local.modeJs) {","        // re-init local from window.local","        case 'browser':","            local = local.global.utility2.objectSetDefault(","                local.global.utility2_rollup || local.global.local,","                local.global.utility2","            );","            break;","        // re-init local from example.js","        case 'node':","            local = (local.global.utility2_rollup || require('utility2'))","                .requireReadme();","            break;","        }","        // export local","        local.global.local = local;","    }());","","","","    // run shared js-env code - function","    (function () {","        return;","    }());","    switch (local.modeJs) {","","","","    // run browser js-env code - function","    case 'browser':","        break;","","","","    // run node js-env code - function","    case 'node':","        break;","    }","","","","    // run shared js-env code - init-after","    (function () {","        return;","    }());","    switch (local.modeJs) {","","","","    // run browser js-env code - init-after","    case 'browser':","        local.testCase_browser_nullCase = local.testCase_browser_nullCase || function (","            options,","            onError","        ) {","        /*","         * this function will test browsers's null-case handling-behavior-behavior","         */","            onError(null, options);","        };","","        // run tests","        local.nop(local.modeTest &&","            document.querySelector('#testRunButton1') &&","            document.querySelector('#testRunButton1').click());","        break;","","","","    // run node js-env code - init-after","    /* istanbul ignore next */","    case 'node':","        local.testCase_buildApidoc_default = local.testCase_buildApidoc_default || function (","            options,","            onError","        ) {","        /*","         * this function will test buildApidoc's default handling-behavior-behavior","         */","            options = { modulePathList: module.paths };","            local.buildApidoc(options, onError);","        };","","        local.testCase_buildApp_default = local.testCase_buildApp_default || function (","            options,","            onError","        ) {","        /*","         * this function will test buildApp's default handling-behavior-behavior","         */","            local.testCase_buildReadme_default(options, local.onErrorThrow);","            local.testCase_buildLib_default(options, local.onErrorThrow);","            local.testCase_buildTest_default(options, local.onErrorThrow);","            local.testCase_buildCustomOrg_default(options, local.onErrorThrow);","            options = [];","            local.buildApp(options, onError);","        };","","        local.testCase_buildCustomOrg_default = local.testCase_buildCustomOrg_default ||","            function (options, onError) {","            /*","             * this function will test buildCustomOrg's default handling-behavior","             */","                options = {};","                local.buildCustomOrg(options, onError);","            };","","        local.testCase_buildLib_default = local.testCase_buildLib_default || function (","            options,","            onError","        ) {","        /*","         * this function will test buildLib's default handling-behavior","         */","            options = {};","            local.buildLib(options, onError);","        };","","        local.testCase_buildReadme_default = local.testCase_buildReadme_default || function (","            options,","            onError","        ) {","        /*","         * this function will test buildReadme's default handling-behavior-behavior","         */","            options = {};","            local.buildReadme(options, onError);","        };","","        local.testCase_buildTest_default = local.testCase_buildTest_default || function (","            options,","            onError","        ) {","        /*","         * this function will test buildTest's default handling-behavior","         */","            options = {};","            local.buildTest(options, onError);","        };","","        local.testCase_webpage_default = local.testCase_webpage_default || function (","            options,","            onError","        ) {","        /*","         * this function will test webpage's default handling-behavior","         */","            options = { modeCoverageMerge: true, url: local.serverLocalHost + '?modeTest=1' };","            local.browserTest(options, onError);","        };","","        // run test-server","        local.testRunServer(local);","        break;","    }","}());",""],"l":{"12":2,"14":2,"19":2,"21":2,"23":2,"24":2,"25":2,"30":1,"37":2,"40":2,"43":1,"47":1,"50":1,"52":1,"55":2,"61":2,"62":2,"64":2,"70":1,"76":1,"82":2,"83":2,"85":2,"91":1,"98":1,"102":1,"105":1,"112":1,"119":1,"120":1,"123":1,"130":1,"131":1,"132":1,"133":1,"134":1,"135":1,"138":1,"143":2,"144":2,"147":1,"154":2,"155":2,"158":1,"165":2,"166":2,"169":1,"176":2,"177":2,"180":1,"187":1,"188":1,"192":1,"193":1}},"/home/travis/build/npmtest/node-npmtest-nodemon/lib.npmtest_nodemon.js":{"path":"/home/travis/build/npmtest/node-npmtest-nodemon/lib.npmtest_nodemon.js","s":{"1":2,"2":2,"3":2,"4":2,"5":2,"6":2,"7":2,"8":1,"9":2,"10":2,"11":2,"12":2,"13":1,"14":1,"15":1,"16":1},"b":{"1":[2,1,1,1],"2":[1,1,1,1],"3":[1,1],"4":[2,2],"5":[1,1]},"f":{"1":2,"2":2,"3":2},"fnMap":{"1":{"name":"(anonymous_1)","line":12,"loc":{"start":{"line":12,"column":1},"end":{"line":12,"column":13}}},"2":{"name":"(anonymous_2)","line":19,"loc":{"start":{"line":19,"column":5},"end":{"line":19,"column":17}}},"3":{"name":"(anonymous_3)","line":23,"loc":{"start":{"line":23,"column":24},"end":{"line":23,"column":36}}}},"statementMap":{"1":{"start":{"line":12,"column":0},"end":{"line":53,"column":5}},"2":{"start":{"line":14,"column":4},"end":{"line":14,"column":14}},"3":{"start":{"line":19,"column":4},"end":{"line":52,"column":9}},"4":{"start":{"line":21,"column":8},"end":{"line":21,"column":19}},"5":{"start":{"line":23,"column":8},"end":{"line":35,"column":13}},"6":{"start":{"line":24,"column":12},"end":{"line":34,"column":13}},"7":{"start":{"line":25,"column":16},"end":{"line":28,"column":30}},"8":{"start":{"line":30,"column":16},"end":{"line":33,"column":27}},"9":{"start":{"line":37,"column":8},"end":{"line":39,"column":21}},"10":{"start":{"line":41,"column":8},"end":{"line":41,"column":54}},"11":{"start":{"line":43,"column":8},"end":{"line":43,"column":52}},"12":{"start":{"line":45,"column":8},"end":{"line":51,"column":9}},"13":{"start":{"line":46,"column":12},"end":{"line":46,"column":58}},"14":{"start":{"line":48,"column":12},"end":{"line":48,"column":35}},"15":{"start":{"line":49,"column":12},"end":{"line":49,"column":49}},"16":{"start":{"line":50,"column":12},"end":{"line":50,"column":43}}},"branchMap":{"1":{"line":25,"type":"binary-expr","locations":[{"start":{"line":25,"column":23},"end":{"line":25,"column":62}},{"start":{"line":26,"column":20},"end":{"line":26,"column":70}},{"start":{"line":27,"column":20},"end":{"line":27,"column":71}},{"start":{"line":28,"column":20},"end":{"line":28,"column":29}}]},"2":{"line":30,"type":"binary-expr","locations":[{"start":{"line":30,"column":23},"end":{"line":30,"column":37}},{"start":{"line":31,"column":20},"end":{"line":31,"column":61}},{"start":{"line":32,"column":20},"end":{"line":32,"column":70}},{"start":{"line":33,"column":20},"end":{"line":33,"column":26}}]},"3":{"line":37,"type":"cond-expr","locations":[{"start":{"line":38,"column":14},"end":{"line":38,"column":20}},{"start":{"line":39,"column":14},"end":{"line":39,"column":20}}]},"4":{"line":41,"type":"binary-expr","locations":[{"start":{"line":41,"column":16},"end":{"line":41,"column":44}},{"start":{"line":41,"column":48},"end":{"line":41,"column":53}}]},"5":{"line":45,"type":"if","locations":[{"start":{"line":45,"column":8},"end":{"line":45,"column":8}},{"start":{"line":45,"column":8},"end":{"line":45,"column":8}}]}},"code":["/* istanbul instrument in package npmtest_nodemon */","/*jslint","    bitwise: true,","    browser: true,","    maxerr: 8,","    maxlen: 96,","    node: true,","    nomen: true,","    regexp: true,","    stupid: true","*/","(function () {","    'use strict';","    var local;","","","","    // run shared js-env code - init-before","    (function () {","        // init local","        local = {};","        // init modeJs","        local.modeJs = (function () {","            try {","                return typeof navigator.userAgent === 'string' &&","                    typeof document.querySelector('body') === 'object' &&","                    typeof XMLHttpRequest.prototype.open === 'function' &&","                    'browser';","            } catch (errorCaughtBrowser) {","                return module.exports &&","                    typeof process.versions.node === 'string' &&","                    typeof require('http').createServer === 'function' &&","                    'node';","            }","        }());","        // init global","        local.global = local.modeJs === 'browser'","            ? window","            : global;","        // init utility2_rollup","        local = local.global.utility2_rollup || local;","        // init lib","        local.local = local.npmtest_nodemon = local;","        // init exports","        if (local.modeJs === 'browser') {","            local.global.utility2_npmtest_nodemon = local;","        } else {","            module.exports = local;","            module.exports.__dirname = __dirname;","            module.exports.module = module;","        }","    }());","}());",""],"l":{"12":2,"14":2,"19":2,"21":2,"23":2,"24":2,"25":2,"30":1,"37":2,"41":2,"43":2,"45":2,"46":1,"48":1,"49":1,"50":1}},"/home/travis/build/npmtest/node-npmtest-nodemon/example.js":{"path":"/home/travis/build/npmtest/node-npmtest-nodemon/example.js","s":{"1":2,"2":2,"3":2,"4":2,"5":2,"6":2,"7":2,"8":1,"9":2,"10":2,"11":2,"12":2,"13":1,"14":2,"15":2,"16":2,"17":2,"18":2,"19":0,"20":2,"21":1,"22":1,"23":1,"24":1,"25":1,"26":0,"27":0,"28":1,"29":1,"30":2,"31":0,"32":0,"33":0,"34":1,"35":2,"36":2,"37":3,"38":3,"39":3,"40":3,"41":0,"42":3,"43":3,"44":3,"45":1,"46":3,"47":1,"48":1,"49":1,"50":1,"51":1,"52":1,"53":1,"54":1,"55":1,"56":1,"57":0,"58":1,"59":6,"60":6,"61":1,"62":2,"63":0,"64":2,"65":1,"66":1,"67":0,"68":0,"69":0,"70":0,"71":0,"72":0,"73":0,"74":0,"75":0,"76":0,"77":0,"78":0,"79":0,"80":0,"81":0,"82":0,"83":0},"b":{"1":[2,1,1,1],"2":[1,1,1,1],"3":[1,1],"4":[2,2],"5":[1,1],"6":[1,1],"7":[2,0],"8":[2,1,1,1,1,1],"9":[0,2,0],"10":[1,1],"11":[2,1,1],"12":[1,0],"13":[0,2],"14":[2,0,0,0,0,0,0],"15":[0,3],"16":[3,0],"17":[1,1],"18":[0,1],"19":[1,2,0,2],"20":[1,0],"21":[1,1],"22":[0,0],"23":[0,0],"24":[0,0],"25":[0,0],"26":[0,0],"27":[0,0],"28":[0,0]},"f":{"1":2,"2":2,"3":2,"4":2,"5":2,"6":2,"7":3,"8":3,"9":3,"10":1,"11":6,"12":0},"fnMap":{"1":{"name":"(anonymous_1)","line":26,"loc":{"start":{"line":26,"column":1},"end":{"line":26,"column":13}}},"2":{"name":"(anonymous_2)","line":33,"loc":{"start":{"line":33,"column":5},"end":{"line":33,"column":17}}},"3":{"name":"(anonymous_3)","line":37,"loc":{"start":{"line":37,"column":24},"end":{"line":37,"column":36}}},"4":{"name":"(anonymous_4)","line":69,"loc":{"start":{"line":69,"column":31},"end":{"line":69,"column":48}},"skip":true},"5":{"name":"(anonymous_5)","line":78,"loc":{"start":{"line":78,"column":26},"end":{"line":78,"column":45}},"skip":true},"6":{"name":"(anonymous_6)","line":123,"loc":{"start":{"line":123,"column":33},"end":{"line":123,"column":48}},"skip":true},"7":{"name":"(anonymous_7)","line":125,"loc":{"start":{"line":125,"column":27},"end":{"line":125,"column":39}},"skip":true},"8":{"name":"(anonymous_8)","line":133,"loc":{"start":{"line":133,"column":59},"end":{"line":133,"column":74}},"skip":true},"9":{"name":"(anonymous_9)","line":143,"loc":{"start":{"line":143,"column":45},"end":{"line":143,"column":62}},"skip":true},"10":{"name":"(anonymous_10)","line":144,"loc":{"start":{"line":144,"column":73},"end":{"line":144,"column":92}},"skip":true},"11":{"name":"(anonymous_11)","line":272,"loc":{"start":{"line":272,"column":51},"end":{"line":272,"column":77}},"skip":true},"12":{"name":"(anonymous_12)","line":315,"loc":{"start":{"line":315,"column":32},"end":{"line":315,"column":61}},"skip":true}},"statementMap":{"1":{"start":{"line":26,"column":0},"end":{"line":326,"column":5}},"2":{"start":{"line":28,"column":4},"end":{"line":28,"column":14}},"3":{"start":{"line":33,"column":4},"end":{"line":60,"column":9}},"4":{"start":{"line":35,"column":8},"end":{"line":35,"column":19}},"5":{"start":{"line":37,"column":8},"end":{"line":49,"column":13}},"6":{"start":{"line":38,"column":12},"end":{"line":48,"column":13}},"7":{"start":{"line":39,"column":16},"end":{"line":42,"column":30}},"8":{"start":{"line":44,"column":16},"end":{"line":47,"column":27}},"9":{"start":{"line":51,"column":8},"end":{"line":53,"column":21}},"10":{"start":{"line":55,"column":8},"end":{"line":57,"column":45}},"11":{"start":{"line":59,"column":8},"end":{"line":59,"column":35}},"12":{"start":{"line":61,"column":4},"end":{"line":325,"column":5}},"13":{"start":{"line":69,"column":8},"end":{"line":121,"column":10},"skip":true},"14":{"start":{"line":70,"column":12},"end":{"line":88,"column":13},"skip":true},"15":{"start":{"line":76,"column":16},"end":{"line":87,"column":19},"skip":true},"16":{"start":{"line":79,"column":20},"end":{"line":86,"column":21},"skip":true},"17":{"start":{"line":82,"column":24},"end":{"line":82,"column":43},"skip":true},"18":{"start":{"line":83,"column":24},"end":{"line":83,"column":30},"skip":true},"19":{"start":{"line":85,"column":24},"end":{"line":85,"column":49},"skip":true},"20":{"start":{"line":89,"column":12},"end":{"line":107,"column":13},"skip":true},"21":{"start":{"line":92,"column":16},"end":{"line":102,"column":17},"skip":true},"22":{"start":{"line":93,"column":20},"end":{"line":93,"column":86},"skip":true},"23":{"start":{"line":94,"column":20},"end":{"line":95,"column":45},"skip":true},"24":{"start":{"line":96,"column":20},"end":{"line":96,"column":42},"skip":true},"25":{"start":{"line":97,"column":20},"end":{"line":97,"column":48},"skip":true},"26":{"start":{"line":100,"column":20},"end":{"line":100,"column":85},"skip":true},"27":{"start":{"line":101,"column":20},"end":{"line":101,"column":96},"skip":true},"28":{"start":{"line":103,"column":16},"end":{"line":103,"column":22},"skip":true},"29":{"start":{"line":106,"column":16},"end":{"line":106,"column":22},"skip":true},"30":{"start":{"line":108,"column":12},"end":{"line":120,"column":13},"skip":true},"31":{"start":{"line":114,"column":16},"end":{"line":119,"column":17},"skip":true},"32":{"start":{"line":116,"column":20},"end":{"line":116,"column":78},"skip":true},"33":{"start":{"line":118,"column":20},"end":{"line":118,"column":47},"skip":true},"34":{"start":{"line":123,"column":8},"end":{"line":141,"column":11},"skip":true},"35":{"start":{"line":124,"column":12},"end":{"line":124,"column":54},"skip":true},"36":{"start":{"line":125,"column":12},"end":{"line":140,"column":14},"skip":true},"37":{"start":{"line":126,"column":16},"end":{"line":126,"column":28},"skip":true},"38":{"start":{"line":127,"column":16},"end":{"line":127,"column":69},"skip":true},"39":{"start":{"line":128,"column":16},"end":{"line":128,"column":75},"skip":true},"40":{"start":{"line":129,"column":16},"end":{"line":131,"column":17},"skip":true},"41":{"start":{"line":130,"column":20},"end":{"line":130,"column":27},"skip":true},"42":{"start":{"line":133,"column":16},"end":{"line":137,"column":36},"skip":true},"43":{"start":{"line":134,"column":20},"end":{"line":136,"column":55},"skip":true},"44":{"start":{"line":139,"column":16},"end":{"line":139,"column":57},"skip":true},"45":{"start":{"line":143,"column":8},"end":{"line":147,"column":11},"skip":true},"46":{"start":{"line":144,"column":12},"end":{"line":146,"column":15},"skip":true},"47":{"start":{"line":145,"column":16},"end":{"line":145,"column":70},"skip":true},"48":{"start":{"line":149,"column":8},"end":{"line":149,"column":31},"skip":true},"49":{"start":{"line":150,"column":8},"end":{"line":150,"column":14},"skip":true},"50":{"start":{"line":158,"column":8},"end":{"line":158,"column":31},"skip":true},"51":{"start":{"line":160,"column":8},"end":{"line":160,"column":33},"skip":true},"52":{"start":{"line":161,"column":8},"end":{"line":161,"column":37},"skip":true},"53":{"start":{"line":162,"column":8},"end":{"line":162,"column":35},"skip":true},"54":{"start":{"line":164,"column":8},"end":{"line":164,"column":50},"skip":true},"55":{"start":{"line":166,"column":8},"end":{"line":256,"column":2},"skip":true},"56":{"start":{"line":258,"column":8},"end":{"line":286,"column":9},"skip":true},"57":{"start":{"line":259,"column":12},"end":{"line":269,"column":14},"skip":true},"58":{"start":{"line":271,"column":12},"end":{"line":285,"column":19},"skip":true},"59":{"start":{"line":274,"column":20},"end":{"line":274,"column":35},"skip":true},"60":{"start":{"line":275,"column":20},"end":{"line":284,"column":21},"skip":true},"61":{"start":{"line":277,"column":24},"end":{"line":277,"column":64},"skip":true},"62":{"start":{"line":279,"column":24},"end":{"line":279,"column":40},"skip":true},"63":{"start":{"line":281,"column":24},"end":{"line":281,"column":40},"skip":true},"64":{"start":{"line":283,"column":24},"end":{"line":283,"column":39},"skip":true},"65":{"start":{"line":288,"column":8},"end":{"line":290,"column":9},"skip":true},"66":{"start":{"line":289,"column":12},"end":{"line":289,"column":18},"skip":true},"67":{"start":{"line":291,"column":8},"end":{"line":293,"column":54},"skip":true},"68":{"start":{"line":296,"column":8},"end":{"line":301,"column":37},"skip":true},"69":{"start":{"line":303,"column":8},"end":{"line":303,"column":82},"skip":true},"70":{"start":{"line":306,"column":8},"end":{"line":308,"column":9},"skip":true},"71":{"start":{"line":307,"column":12},"end":{"line":307,"column":82},"skip":true},"72":{"start":{"line":310,"column":8},"end":{"line":312,"column":9},"skip":true},"73":{"start":{"line":311,"column":12},"end":{"line":311,"column":18},"skip":true},"74":{"start":{"line":313,"column":8},"end":{"line":313,"column":54},"skip":true},"75":{"start":{"line":314,"column":8},"end":{"line":314,"column":69},"skip":true},"76":{"start":{"line":315,"column":8},"end":{"line":323,"column":36},"skip":true},"77":{"start":{"line":316,"column":12},"end":{"line":316,"column":61},"skip":true},"78":{"start":{"line":317,"column":12},"end":{"line":320,"column":13},"skip":true},"79":{"start":{"line":318,"column":16},"end":{"line":318,"column":75},"skip":true},"80":{"start":{"line":319,"column":16},"end":{"line":319,"column":23},"skip":true},"81":{"start":{"line":321,"column":12},"end":{"line":321,"column":38},"skip":true},"82":{"start":{"line":322,"column":12},"end":{"line":322,"column":27},"skip":true},"83":{"start":{"line":324,"column":8},"end":{"line":324,"column":14},"skip":true}},"branchMap":{"1":{"line":39,"type":"binary-expr","locations":[{"start":{"line":39,"column":23},"end":{"line":39,"column":62}},{"start":{"line":40,"column":20},"end":{"line":40,"column":70}},{"start":{"line":41,"column":20},"end":{"line":41,"column":71}},{"start":{"line":42,"column":20},"end":{"line":42,"column":29}}]},"2":{"line":44,"type":"binary-expr","locations":[{"start":{"line":44,"column":23},"end":{"line":44,"column":37}},{"start":{"line":45,"column":20},"end":{"line":45,"column":61}},{"start":{"line":46,"column":20},"end":{"line":46,"column":70}},{"start":{"line":47,"column":20},"end":{"line":47,"column":26}}]},"3":{"line":51,"type":"cond-expr","locations":[{"start":{"line":52,"column":14},"end":{"line":52,"column":20}},{"start":{"line":53,"column":14},"end":{"line":53,"column":20}}]},"4":{"line":55,"type":"binary-expr","locations":[{"start":{"line":55,"column":16},"end":{"line":55,"column":44}},{"start":{"line":55,"column":49},"end":{"line":57,"column":43}}]},"5":{"line":55,"type":"cond-expr","locations":[{"start":{"line":56,"column":14},"end":{"line":56,"column":51}},{"start":{"line":57,"column":14},"end":{"line":57,"column":43}}]},"6":{"line":61,"type":"switch","locations":[{"start":{"line":68,"column":4},"end":{"line":150,"column":14},"skip":true},{"start":{"line":156,"column":4},"end":{"line":324,"column":14},"skip":true}]},"7":{"line":70,"type":"if","locations":[{"start":{"line":70,"column":12},"end":{"line":70,"column":12},"skip":true},{"start":{"line":70,"column":12},"end":{"line":70,"column":12},"skip":true}]},"8":{"line":70,"type":"binary-expr","locations":[{"start":{"line":70,"column":16},"end":{"line":70,"column":22},"skip":true},{"start":{"line":70,"column":27},"end":{"line":70,"column":32},"skip":true},{"start":{"line":71,"column":20},"end":{"line":71,"column":39},"skip":true},{"start":{"line":72,"column":20},"end":{"line":72,"column":49},"skip":true},{"start":{"line":73,"column":20},"end":{"line":73,"column":58},"skip":true},{"start":{"line":74,"column":20},"end":{"line":74,"column":69},"skip":true}]},"9":{"line":79,"type":"switch","locations":[{"start":{"line":80,"column":20},"end":{"line":80,"column":33},"skip":true},{"start":{"line":81,"column":20},"end":{"line":83,"column":30},"skip":true},{"start":{"line":84,"column":20},"end":{"line":85,"column":49},"skip":true}]},"10":{"line":89,"type":"switch","locations":[{"start":{"line":90,"column":12},"end":{"line":103,"column":22},"skip":true},{"start":{"line":105,"column":12},"end":{"line":106,"column":22},"skip":true}]},"11":{"line":89,"type":"binary-expr","locations":[{"start":{"line":89,"column":20},"end":{"line":89,"column":25},"skip":true},{"start":{"line":89,"column":29},"end":{"line":89,"column":48},"skip":true},{"start":{"line":89,"column":52},"end":{"line":89,"column":74},"skip":true}]},"12":{"line":92,"type":"if","locations":[{"start":{"line":92,"column":16},"end":{"line":92,"column":16},"skip":true},{"start":{"line":92,"column":16},"end":{"line":92,"column":16},"skip":true}]},"13":{"line":108,"type":"if","locations":[{"start":{"line":108,"column":12},"end":{"line":108,"column":12},"skip":true},{"start":{"line":108,"column":12},"end":{"line":108,"column":12},"skip":true}]},"14":{"line":108,"type":"binary-expr","locations":[{"start":{"line":108,"column":16},"end":{"line":108,"column":61},"skip":true},{"start":{"line":108,"column":66},"end":{"line":108,"column":72},"skip":true},{"start":{"line":108,"column":77},"end":{"line":108,"column":82},"skip":true},{"start":{"line":109,"column":20},"end":{"line":109,"column":39},"skip":true},{"start":{"line":110,"column":20},"end":{"line":110,"column":49},"skip":true},{"start":{"line":111,"column":20},"end":{"line":111,"column":58},"skip":true},{"start":{"line":112,"column":20},"end":{"line":112,"column":68},"skip":true}]},"15":{"line":129,"type":"if","locations":[{"start":{"line":129,"column":16},"end":{"line":129,"column":16},"skip":true},{"start":{"line":129,"column":16},"end":{"line":129,"column":16},"skip":true}]},"16":{"line":134,"type":"cond-expr","locations":[{"start":{"line":135,"column":26},"end":{"line":135,"column":29},"skip":true},{"start":{"line":136,"column":26},"end":{"line":136,"column":54},"skip":true}]},"17":{"line":164,"type":"binary-expr","locations":[{"start":{"line":164,"column":27},"end":{"line":164,"column":43},"skip":true},{"start":{"line":164,"column":47},"end":{"line":164,"column":49},"skip":true}]},"18":{"line":258,"type":"if","locations":[{"start":{"line":258,"column":8},"end":{"line":258,"column":8},"skip":true},{"start":{"line":258,"column":8},"end":{"line":258,"column":8},"skip":true}]},"19":{"line":275,"type":"switch","locations":[{"start":{"line":276,"column":20},"end":{"line":277,"column":64},"skip":true},{"start":{"line":278,"column":20},"end":{"line":279,"column":40},"skip":true},{"start":{"line":280,"column":20},"end":{"line":281,"column":40},"skip":true},{"start":{"line":282,"column":20},"end":{"line":283,"column":39},"skip":true}]},"20":{"line":288,"type":"if","locations":[{"start":{"line":288,"column":8},"end":{"line":288,"column":8},"skip":true},{"start":{"line":288,"column":8},"end":{"line":288,"column":8},"skip":true}]},"21":{"line":288,"type":"binary-expr","locations":[{"start":{"line":288,"column":12},"end":{"line":288,"column":40},"skip":true},{"start":{"line":288,"column":44},"end":{"line":288,"column":67},"skip":true}]},"22":{"line":292,"type":"binary-expr","locations":[{"start":{"line":292,"column":12},"end":{"line":292,"column":50},"skip":true},{"start":{"line":293,"column":12},"end":{"line":293,"column":53},"skip":true}]},"23":{"line":297,"type":"binary-expr","locations":[{"start":{"line":297,"column":12},"end":{"line":297,"column":65},"skip":true},{"start":{"line":298,"column":12},"end":{"line":301,"column":36},"skip":true}]},"24":{"line":303,"type":"binary-expr","locations":[{"start":{"line":303,"column":43},"end":{"line":303,"column":75},"skip":true},{"start":{"line":303,"column":79},"end":{"line":303,"column":81},"skip":true}]},"25":{"line":306,"type":"if","locations":[{"start":{"line":306,"column":8},"end":{"line":306,"column":8},"skip":true},{"start":{"line":306,"column":8},"end":{"line":306,"column":8},"skip":true}]},"26":{"line":310,"type":"if","locations":[{"start":{"line":310,"column":8},"end":{"line":310,"column":8},"skip":true},{"start":{"line":310,"column":8},"end":{"line":310,"column":8},"skip":true}]},"27":{"line":313,"type":"binary-expr","locations":[{"start":{"line":313,"column":27},"end":{"line":313,"column":43},"skip":true},{"start":{"line":313,"column":47},"end":{"line":313,"column":53},"skip":true}]},"28":{"line":317,"type":"if","locations":[{"start":{"line":317,"column":12},"end":{"line":317,"column":12},"skip":true},{"start":{"line":317,"column":12},"end":{"line":317,"column":12},"skip":true}]}},"code":["/*","example.js","","quickstart example","","instruction","    1. save this script as example.js","    2. run the shell command:","        $ npm install npmtest-nodemon && PORT=8081 node example.js","    3. play with the browser-demo on http://127.0.0.1:8081","*/","","","","/* istanbul instrument in package npmtest_nodemon */","/*jslint","    bitwise: true,","    browser: true,","    maxerr: 8,","    maxlen: 96,","    node: true,","    nomen: true,","    regexp: true,","    stupid: true","*/","(function () {","    'use strict';","    var local;","","","","    // run shared js-env code - init-before","    (function () {","        // init local","        local = {};","        // init modeJs","        local.modeJs = (function () {","            try {","                return typeof navigator.userAgent === 'string' &&","                    typeof document.querySelector('body') === 'object' &&","                    typeof XMLHttpRequest.prototype.open === 'function' &&","                    'browser';","            } catch (errorCaughtBrowser) {","                return module.exports &&","                    typeof process.versions.node === 'string' &&","                    typeof require('http').createServer === 'function' &&","                    'node';","            }","        }());","        // init global","        local.global = local.modeJs === 'browser'","            ? window","            : global;","        // init utility2_rollup","        local = local.global.utility2_rollup || (local.modeJs === 'browser'","            ? local.global.utility2_npmtest_nodemon","            : global.utility2_moduleExports);","        // export local","        local.global.local = local;","    }());","    switch (local.modeJs) {","","","","    // init-after","    // run browser js-env code - init-after","    /* istanbul ignore next */","    case 'browser':","        local.testRunBrowser = function (event) {","            if (!event || (event &&","                    event.currentTarget &&","                    event.currentTarget.className &&","                    event.currentTarget.className.includes &&","                    event.currentTarget.className.includes('onreset'))) {","                // reset output","                Array.from(","                    document.querySelectorAll('body > .resettable')","                ).forEach(function (element) {","                    switch (element.tagName) {","                    case 'INPUT':","                    case 'TEXTAREA':","                        element.value = '';","                        break;","                    default:","                        element.textContent = '';","                    }","                });","            }","            switch (event && event.currentTarget && event.currentTarget.id) {","            case 'testRunButton1':","                // show tests","                if (document.querySelector('#testReportDiv1').style.display === 'none') {","                    document.querySelector('#testReportDiv1').style.display = 'block';","                    document.querySelector('#testRunButton1').textContent =","                        'hide internal test';","                    local.modeTest = true;","                    local.testRunDefault(local);","                // hide tests","                } else {","                    document.querySelector('#testReportDiv1').style.display = 'none';","                    document.querySelector('#testRunButton1').textContent = 'run internal test';","                }","                break;","            // custom-case","            default:","                break;","            }","            if (document.querySelector('#inputTextareaEval1') && (!event || (event &&","                    event.currentTarget &&","                    event.currentTarget.className &&","                    event.currentTarget.className.includes &&","                    event.currentTarget.className.includes('oneval')))) {","                // try to eval input-code","                try {","                    /*jslint evil: true*/","                    eval(document.querySelector('#inputTextareaEval1').value);","                } catch (errorCaught) {","                    console.error(errorCaught);","                }","            }","        };","        // log stderr and stdout to #outputTextareaStdout1","        ['error', 'log'].forEach(function (key) {","            console[key + '_original'] = console[key];","            console[key] = function () {","                var element;","                console[key + '_original'].apply(console, arguments);","                element = document.querySelector('#outputTextareaStdout1');","                if (!element) {","                    return;","                }","                // append text to #outputTextareaStdout1","                element.value += Array.from(arguments).map(function (arg) {","                    return typeof arg === 'string'","                        ? arg","                        : JSON.stringify(arg, null, 4);","                }).join(' ') + '\\n';","                // scroll textarea to bottom","                element.scrollTop = element.scrollHeight;","            };","        });","        // init event-handling","        ['change', 'click', 'keyup'].forEach(function (event) {","            Array.from(document.querySelectorAll('.on' + event)).forEach(function (element) {","                element.addEventListener(event, local.testRunBrowser);","            });","        });","        // run tests","        local.testRunBrowser();","        break;","","","","    // run node js-env code - init-after","    /* istanbul ignore next */","    case 'node':","        // export local","        module.exports = local;","        // require modules","        local.fs = require('fs');","        local.http = require('http');","        local.url = require('url');","        // init assets","        local.assetsDict = local.assetsDict || {};","        /* jslint-ignore-begin */","        local.assetsDict['/assets.index.template.html'] = '\\","<!doctype html>\\n\\","<html lang=\"en\">\\n\\","<head>\\n\\","<meta charset=\"UTF-8\">\\n\\","<meta name=\"viewport\" content=\"width=device-width, initial-scale=1\">\\n\\","<title>{{env.npm_package_name}} (v{{env.npm_package_version}})</title>\\n\\","<style>\\n\\","/*csslint\\n\\","    box-sizing: false,\\n\\","    universal-selector: false\\n\\","*/\\n\\","* {\\n\\","    box-sizing: border-box;\\n\\","}\\n\\","body {\\n\\","    background: #dde;\\n\\","    font-family: Arial, Helvetica, sans-serif;\\n\\","    margin: 2rem;\\n\\","}\\n\\","body > * {\\n\\","    margin-bottom: 1rem;\\n\\","}\\n\\",".utility2FooterDiv {\\n\\","    margin-top: 20px;\\n\\","    text-align: center;\\n\\","}\\n\\","</style>\\n\\","<style>\\n\\","/*csslint\\n\\","*/\\n\\","textarea {\\n\\","    font-family: monospace;\\n\\","    height: 10rem;\\n\\","    width: 100%;\\n\\","}\\n\\","textarea[readonly] {\\n\\","    background: #ddd;\\n\\","}\\n\\","</style>\\n\\","</head>\\n\\","<body>\\n\\","<!-- utility2-comment\\n\\","<div id=\"ajaxProgressDiv1\" style=\"background: #d00; height: 2px; left: 0; margin: 0; padding: 0; position: fixed; top: 0; transition: background 0.5s, width 1.5s; width: 25%;\"></div>\\n\\","utility2-comment -->\\n\\","<h1>\\n\\","<!-- utility2-comment\\n\\","    <a\\n\\","        {{#if env.npm_package_homepage}}\\n\\","        href=\"{{env.npm_package_homepage}}\"\\n\\","        {{/if env.npm_package_homepage}}\\n\\","        target=\"_blank\"\\n\\","    >\\n\\","utility2-comment -->\\n\\","        {{env.npm_package_name}} (v{{env.npm_package_version}})\\n\\","<!-- utility2-comment\\n\\","    </a>\\n\\","utility2-comment -->\\n\\","</h1>\\n\\","<h3>{{env.npm_package_description}}</h3>\\n\\","<!-- utility2-comment\\n\\","<h4><a download href=\"assets.app.js\">download standalone app</a></h4>\\n\\","<button class=\"onclick onreset\" id=\"testRunButton1\">run internal test</button><br>\\n\\","<div id=\"testReportDiv1\" style=\"display: none;\"></div>\\n\\","utility2-comment -->\\n\\","\\n\\","\\n\\","\\n\\","<label>stderr and stdout</label>\\n\\","<textarea class=\"resettable\" id=\"outputTextareaStdout1\" readonly></textarea>\\n\\","<!-- utility2-comment\\n\\","{{#if isRollup}}\\n\\","<script src=\"assets.app.js\"></script>\\n\\","{{#unless isRollup}}\\n\\","utility2-comment -->\\n\\","<script src=\"assets.utility2.rollup.js\"></script>\\n\\","<script src=\"jsonp.utility2._stateInit?callback=window.utility2._stateInit\"></script>\\n\\","<script src=\"assets.npmtest_nodemon.rollup.js\"></script>\\n\\","<script src=\"assets.example.js\"></script>\\n\\","<script src=\"assets.test.js\"></script>\\n\\","<!-- utility2-comment\\n\\","{{/if isRollup}}\\n\\","utility2-comment -->\\n\\","<div class=\"utility2FooterDiv\">\\n\\","    [ this app was created with\\n\\","    <a href=\"https://github.com/kaizhu256/node-utility2\" target=\"_blank\">utility2</a>\\n\\","    ]\\n\\","</div>\\n\\","</body>\\n\\","</html>\\n\\","';","        /* jslint-ignore-end */","        if (local.templateRender) {","            local.assetsDict['/'] = local.templateRender(","                local.assetsDict['/assets.index.template.html'],","                {","                    env: local.objectSetDefault(local.env, {","                        npm_package_description: 'the greatest app in the world!',","                        npm_package_name: 'my-app',","                        npm_package_nameAlias: 'my_app',","                        npm_package_version: '0.0.1'","                    })","                }","            );","        } else {","            local.assetsDict['/'] = local.assetsDict['/assets.index.template.html']","                .replace((/\\{\\{env\\.(\\w+?)\\}\\}/g), function (match0, match1) {","                    // jslint-hack","                    String(match0);","                    switch (match1) {","                    case 'npm_package_description':","                        return 'the greatest app in the world!';","                    case 'npm_package_name':","                        return 'my-app';","                    case 'npm_package_nameAlias':","                        return 'my_app';","                    case 'npm_package_version':","                        return '0.0.1';","                    }","                });","        }","        // run the cli","        if (local.global.utility2_rollup || module !== require.main) {","            break;","        }","        local.assetsDict['/assets.example.js'] =","            local.assetsDict['/assets.example.js'] ||","            local.fs.readFileSync(__filename, 'utf8');","        // bug-workaround - long $npm_package_buildCustomOrg","        /* jslint-ignore-begin */","        local.assetsDict['/assets.npmtest_nodemon.rollup.js'] =","            local.assetsDict['/assets.npmtest_nodemon.rollup.js'] ||","            local.fs.readFileSync(","                local.npmtest_nodemon.__dirname + '/lib.npmtest_nodemon.js',","                'utf8'","            ).replace((/^#!/), '//');","        /* jslint-ignore-end */","        local.assetsDict['/favicon.ico'] = local.assetsDict['/favicon.ico'] || '';","        // if $npm_config_timeout_exit exists,","        // then exit this process after $npm_config_timeout_exit ms","        if (Number(process.env.npm_config_timeout_exit)) {","            setTimeout(process.exit, Number(process.env.npm_config_timeout_exit));","        }","        // start server","        if (local.global.utility2_serverHttp1) {","            break;","        }","        process.env.PORT = process.env.PORT || '8081';","        console.error('server starting on port ' + process.env.PORT);","        local.http.createServer(function (request, response) {","            request.urlParsed = local.url.parse(request.url);","            if (local.assetsDict[request.urlParsed.pathname] !== undefined) {","                response.end(local.assetsDict[request.urlParsed.pathname]);","                return;","            }","            response.statusCode = 404;","            response.end();","        }).listen(process.env.PORT);","        break;","    }","}());",""],"l":{"26":2,"28":2,"33":2,"35":2,"37":2,"38":2,"39":2,"44":1,"51":2,"55":2,"59":2,"61":2,"69":1,"70":2,"76":2,"79":2,"82":2,"83":2,"85":1,"89":2,"92":1,"93":1,"94":1,"96":1,"97":1,"100":1,"101":1,"103":1,"106":1,"108":2,"114":1,"116":1,"118":1,"123":1,"124":2,"125":2,"126":3,"127":3,"128":3,"129":3,"130":1,"133":3,"134":3,"139":3,"143":1,"144":3,"145":1,"149":1,"150":1,"158":1,"160":1,"161":1,"162":1,"164":1,"166":1,"258":1,"259":1,"271":1,"274":6,"275":6,"277":1,"279":2,"281":1,"283":2,"288":1,"289":1,"291":1,"296":1,"303":1,"306":1,"307":1,"310":1,"311":1,"313":1,"314":1,"315":1,"316":1,"317":1,"318":1,"319":1,"321":1,"322":1,"324":1}},"/home/travis/build/npmtest/node-npmtest-nodemon/node_modules/nodemon/lib/nodemon.js":{"path":"/home/travis/build/npmtest/node-npmtest-nodemon/node_modules/nodemon/lib/nodemon.js","s":{"1":1,"2":1,"3":1,"4":1,"5":1,"6":1,"7":1,"8":1,"9":1,"10":1,"11":1,"12":1,"13":1,"14":1,"15":1,"16":1,"17":0,"18":0,"19":0,"20":0,"21":0,"22":0,"23":1,"24":0,"25":1,"26":0,"27":0,"28":0,"29":1,"30":0,"31":0,"32":0,"33":0,"34":0,"35":1,"36":0,"37":0,"38":1,"39":1,"40":0,"41":0,"42":0,"43":0,"44":1,"45":1,"46":1,"47":0,"48":1,"49":0,"50":1,"51":1,"52":1,"53":1,"54":0,"55":0,"56":0,"57":0,"58":0,"59":0,"60":0,"61":0,"62":0,"63":0,"64":0,"65":0,"66":0,"67":0,"68":0,"69":0,"70":0,"71":0,"72":0,"73":0,"74":1,"75":1,"76":1,"77":14,"78":1,"79":7,"80":1,"81":7,"82":1,"83":1,"84":0,"85":0,"86":0,"87":0,"88":0,"89":0,"90":0,"91":0,"92":0,"93":0,"94":0,"95":1,"96":1,"97":0,"98":0,"99":0,"100":0,"101":1,"102":0,"103":0,"104":0,"105":0,"106":0,"107":1,"108":1,"109":1,"110":0,"111":0,"112":0,"113":1,"114":0,"115":0,"116":0,"117":0,"118":0,"119":1,"120":0,"121":0,"122":0,"123":0,"124":0,"125":0,"126":0,"127":0,"128":1,"129":0,"130":0,"131":1,"132":1,"133":0,"134":0,"135":0,"136":0,"137":1,"138":1,"139":1,"140":1,"141":1,"142":1,"143":1,"144":1,"145":1,"146":1,"147":1,"148":0,"149":1,"150":1},"b":{"1":[0,1],"2":[0,0],"3":[0,0],"4":[0,1],"5":[0,1],"6":[0,0],"7":[0,1],"8":[0,0],"9":[0,1],"10":[0,0],"11":[0,1],"12":[1,1,0],"13":[0,0],"14":[0,1],"15":[1,0],"16":[1,1],"17":[0,0],"18":[0,0],"19":[0,0],"20":[0,0],"21":[0,0],"22":[0,0],"23":[0,0],"24":[0,0],"25":[1,0],"26":[6,1],"27":[1,6],"28":[0,1],"29":[0,0],"30":[0,1],"31":[0,1],"32":[1,0],"33":[0,0],"34":[0,0],"35":[0,0],"36":[0,0],"37":[0,0],"38":[0,1]},"f":{"1":1,"2":0,"3":1,"4":0,"5":0,"6":0,"7":14,"8":7,"9":7,"10":0,"11":0,"12":0,"13":0,"14":0,"15":0,"16":0,"17":0,"18":1,"19":0,"20":0,"21":0,"22":1,"23":1,"24":1},"fnMap":{"1":{"name":"nodemon","line":18,"loc":{"start":{"line":18,"column":0},"end":{"line":18,"column":27}}},"2":{"name":"(anonymous_2)","line":47,"loc":{"start":{"line":47,"column":19},"end":{"line":47,"column":32}}},"3":{"name":"(anonymous_3)","line":67,"loc":{"start":{"line":67,"column":24},"end":{"line":67,"column":42}}},"4":{"name":"(anonymous_4)","line":87,"loc":{"start":{"line":87,"column":26},"end":{"line":87,"column":46}}},"5":{"name":"(anonymous_5)","line":96,"loc":{"start":{"line":96,"column":31},"end":{"line":96,"column":47}}},"6":{"name":"(anonymous_6)","line":113,"loc":{"start":{"line":113,"column":31},"end":{"line":113,"column":47}}},"7":{"name":"(anonymous_7)","line":137,"loc":{"start":{"line":137,"column":15},"end":{"line":137,"column":28}}},"8":{"name":"(anonymous_8)","line":141,"loc":{"start":{"line":141,"column":63},"end":{"line":141,"column":79}}},"9":{"name":"(anonymous_9)","line":145,"loc":{"start":{"line":145,"column":61},"end":{"line":145,"column":77}}},"10":{"name":"(anonymous_10)","line":170,"loc":{"start":{"line":170,"column":28},"end":{"line":170,"column":40}}},"11":{"name":"(anonymous_11)","line":179,"loc":{"start":{"line":179,"column":51},"end":{"line":179,"column":66}}},"12":{"name":"(anonymous_12)","line":182,"loc":{"start":{"line":182,"column":26},"end":{"line":182,"column":38}}},"13":{"name":"(anonymous_13)","line":198,"loc":{"start":{"line":198,"column":18},"end":{"line":198,"column":30}}},"14":{"name":"(anonymous_14)","line":204,"loc":{"start":{"line":204,"column":35},"end":{"line":204,"column":61}}},"15":{"name":"(anonymous_15)","line":211,"loc":{"start":{"line":211,"column":15},"end":{"line":211,"column":41}}},"16":{"name":"(anonymous_16)","line":214,"loc":{"start":{"line":214,"column":18},"end":{"line":214,"column":30}}},"17":{"name":"(anonymous_17)","line":222,"loc":{"start":{"line":222,"column":15},"end":{"line":222,"column":27}}},"18":{"name":"(anonymous_18)","line":227,"loc":{"start":{"line":227,"column":29},"end":{"line":227,"column":46}}},"19":{"name":"(anonymous_19)","line":229,"loc":{"start":{"line":229,"column":36},"end":{"line":229,"column":49}}},"20":{"name":"(anonymous_20)","line":231,"loc":{"start":{"line":231,"column":13},"end":{"line":231,"column":30}}},"21":{"name":"(anonymous_21)","line":232,"loc":{"start":{"line":232,"column":33},"end":{"line":232,"column":52}}},"22":{"name":"(anonymous_22)","line":241,"loc":{"start":{"line":241,"column":16},"end":{"line":241,"column":32}}},"23":{"name":"(anonymous_23)","line":245,"loc":{"start":{"line":245,"column":16},"end":{"line":245,"column":32}}},"24":{"name":"(anonymous_24)","line":248,"loc":{"start":{"line":248,"column":25},"end":{"line":248,"column":37}}}},"statementMap":{"1":{"start":{"line":1,"column":0},"end":{"line":1,"column":40}},"2":{"start":{"line":2,"column":0},"end":{"line":2,"column":27}},"3":{"start":{"line":3,"column":0},"end":{"line":3,"column":35}},"4":{"start":{"line":4,"column":0},"end":{"line":4,"column":27}},"5":{"start":{"line":5,"column":0},"end":{"line":5,"column":35}},"6":{"start":{"line":6,"column":0},"end":{"line":6,"column":27}},"7":{"start":{"line":7,"column":0},"end":{"line":7,"column":31}},"8":{"start":{"line":8,"column":0},"end":{"line":8,"column":20}},"9":{"start":{"line":9,"column":0},"end":{"line":9,"column":29}},"10":{"start":{"line":10,"column":0},"end":{"line":10,"column":33}},"11":{"start":{"line":11,"column":0},"end":{"line":11,"column":31}},"12":{"start":{"line":12,"column":0},"end":{"line":12,"column":23}},"13":{"start":{"line":16,"column":0},"end":{"line":16,"column":35}},"14":{"start":{"line":18,"column":0},"end":{"line":196,"column":1}},"15":{"start":{"line":19,"column":2},"end":{"line":19,"column":18}},"16":{"start":{"line":23,"column":2},"end":{"line":32,"column":3}},"17":{"start":{"line":24,"column":4},"end":{"line":24,"column":31}},"18":{"start":{"line":25,"column":4},"end":{"line":30,"column":5}},"19":{"start":{"line":26,"column":6},"end":{"line":28,"column":7}},"20":{"start":{"line":27,"column":8},"end":{"line":27,"column":41}},"21":{"start":{"line":29,"column":6},"end":{"line":29,"column":36}},"22":{"start":{"line":31,"column":4},"end":{"line":31,"column":35}},"23":{"start":{"line":35,"column":2},"end":{"line":37,"column":3}},"24":{"start":{"line":36,"column":4},"end":{"line":36,"column":23}},"25":{"start":{"line":39,"column":2},"end":{"line":44,"column":3}},"26":{"start":{"line":40,"column":4},"end":{"line":40,"column":37}},"27":{"start":{"line":41,"column":4},"end":{"line":43,"column":5}},"28":{"start":{"line":42,"column":6},"end":{"line":42,"column":22}},"29":{"start":{"line":46,"column":2},"end":{"line":54,"column":3}},"30":{"start":{"line":47,"column":4},"end":{"line":52,"column":7}},"31":{"start":{"line":48,"column":6},"end":{"line":48,"column":21}},"32":{"start":{"line":49,"column":6},"end":{"line":51,"column":7}},"33":{"start":{"line":50,"column":8},"end":{"line":50,"column":24}},"34":{"start":{"line":53,"column":4},"end":{"line":53,"column":11}},"35":{"start":{"line":59,"column":2},"end":{"line":65,"column":3}},"36":{"start":{"line":62,"column":4},"end":{"line":64,"column":5}},"37":{"start":{"line":63,"column":6},"end":{"line":63,"column":34}},"38":{"start":{"line":67,"column":2},"end":{"line":193,"column":5}},"39":{"start":{"line":68,"column":4},"end":{"line":75,"column":5}},"40":{"start":{"line":70,"column":6},"end":{"line":73,"column":7}},"41":{"start":{"line":71,"column":8},"end":{"line":71,"column":35}},"42":{"start":{"line":72,"column":8},"end":{"line":72,"column":23}},"43":{"start":{"line":74,"column":6},"end":{"line":74,"column":13}},"44":{"start":{"line":78,"column":4},"end":{"line":78,"column":43}},"45":{"start":{"line":81,"column":4},"end":{"line":81,"column":35}},"46":{"start":{"line":83,"column":4},"end":{"line":85,"column":5}},"47":{"start":{"line":84,"column":6},"end":{"line":84,"column":57}},"48":{"start":{"line":87,"column":4},"end":{"line":89,"column":7}},"49":{"start":{"line":88,"column":6},"end":{"line":88,"column":53}},"50":{"start":{"line":92,"column":4},"end":{"line":130,"column":5}},"51":{"start":{"line":94,"column":6},"end":{"line":94,"column":29}},"52":{"start":{"line":95,"column":6},"end":{"line":95,"column":40}},"53":{"start":{"line":96,"column":6},"end":{"line":103,"column":9}},"54":{"start":{"line":97,"column":8},"end":{"line":97,"column":48}},"55":{"start":{"line":100,"column":8},"end":{"line":102,"column":9}},"56":{"start":{"line":101,"column":10},"end":{"line":101,"column":30}},"57":{"start":{"line":104,"column":11},"end":{"line":130,"column":5}},"58":{"start":{"line":110,"column":6},"end":{"line":110,"column":24}},"59":{"start":{"line":111,"column":6},"end":{"line":111,"column":22}},"60":{"start":{"line":113,"column":6},"end":{"line":128,"column":9}},"61":{"start":{"line":114,"column":8},"end":{"line":114,"column":23}},"62":{"start":{"line":115,"column":8},"end":{"line":115,"column":31}},"63":{"start":{"line":116,"column":8},"end":{"line":116,"column":37}},"64":{"start":{"line":117,"column":8},"end":{"line":127,"column":9}},"65":{"start":{"line":118,"column":10},"end":{"line":120,"column":11}},"66":{"start":{"line":119,"column":12},"end":{"line":119,"column":27}},"67":{"start":{"line":121,"column":10},"end":{"line":121,"column":23}},"68":{"start":{"line":122,"column":15},"end":{"line":127,"column":9}},"69":{"start":{"line":123,"column":10},"end":{"line":123,"column":25}},"70":{"start":{"line":124,"column":15},"end":{"line":127,"column":9}},"71":{"start":{"line":125,"column":10},"end":{"line":125,"column":24}},"72":{"start":{"line":126,"column":10},"end":{"line":126,"column":22}},"73":{"start":{"line":129,"column":6},"end":{"line":129,"column":37}},"74":{"start":{"line":132,"column":4},"end":{"line":135,"column":5}},"75":{"start":{"line":133,"column":6},"end":{"line":134,"column":42}},"76":{"start":{"line":137,"column":4},"end":{"line":139,"column":6}},"77":{"start":{"line":138,"column":6},"end":{"line":138,"column":15}},"78":{"start":{"line":141,"column":4},"end":{"line":143,"column":31}},"79":{"start":{"line":142,"column":6},"end":{"line":142,"column":62}},"80":{"start":{"line":145,"column":4},"end":{"line":147,"column":31}},"81":{"start":{"line":146,"column":6},"end":{"line":146,"column":53}},"82":{"start":{"line":149,"column":4},"end":{"line":149,"column":79}},"83":{"start":{"line":152,"column":4},"end":{"line":192,"column":5}},"84":{"start":{"line":153,"column":6},"end":{"line":153,"column":46}},"85":{"start":{"line":154,"column":6},"end":{"line":154,"column":56}},"86":{"start":{"line":155,"column":6},"end":{"line":155,"column":58}},"87":{"start":{"line":156,"column":6},"end":{"line":156,"column":66}},"88":{"start":{"line":157,"column":6},"end":{"line":157,"column":53}},"89":{"start":{"line":158,"column":6},"end":{"line":158,"column":79}},"90":{"start":{"line":159,"column":6},"end":{"line":159,"column":46}},"91":{"start":{"line":160,"column":6},"end":{"line":160,"column":67}},"92":{"start":{"line":161,"column":6},"end":{"line":161,"column":46}},"93":{"start":{"line":162,"column":6},"end":{"line":164,"column":7}},"94":{"start":{"line":163,"column":8},"end":{"line":163,"column":23}},"95":{"start":{"line":167,"column":6},"end":{"line":167,"column":24}},"96":{"start":{"line":169,"column":6},"end":{"line":176,"column":7}},"97":{"start":{"line":170,"column":8},"end":{"line":175,"column":11}},"98":{"start":{"line":171,"column":10},"end":{"line":171,"column":38}},"99":{"start":{"line":172,"column":10},"end":{"line":172,"column":38}},"100":{"start":{"line":174,"column":10},"end":{"line":174,"column":31}},"101":{"start":{"line":178,"column":6},"end":{"line":189,"column":7}},"102":{"start":{"line":179,"column":8},"end":{"line":188,"column":11}},"103":{"start":{"line":180,"column":10},"end":{"line":181,"column":46}},"104":{"start":{"line":182,"column":10},"end":{"line":187,"column":13}},"105":{"start":{"line":183,"column":12},"end":{"line":186,"column":13}},"106":{"start":{"line":184,"column":14},"end":{"line":185,"column":43}},"107":{"start":{"line":191,"column":6},"end":{"line":191,"column":34}},"108":{"start":{"line":195,"column":2},"end":{"line":195,"column":17}},"109":{"start":{"line":198,"column":0},"end":{"line":202,"column":2}},"110":{"start":{"line":199,"column":2},"end":{"line":199,"column":47}},"111":{"start":{"line":200,"column":2},"end":{"line":200,"column":22}},"112":{"start":{"line":201,"column":2},"end":{"line":201,"column":17}},"113":{"start":{"line":204,"column":0},"end":{"line":209,"column":2}},"114":{"start":{"line":205,"column":2},"end":{"line":205,"column":59}},"115":{"start":{"line":205,"column":31},"end":{"line":205,"column":57}},"116":{"start":{"line":206,"column":2},"end":{"line":206,"column":37}},"117":{"start":{"line":207,"column":2},"end":{"line":207,"column":25}},"118":{"start":{"line":208,"column":2},"end":{"line":208,"column":17}},"119":{"start":{"line":211,"column":0},"end":{"line":220,"column":2}},"120":{"start":{"line":212,"column":2},"end":{"line":212,"column":59}},"121":{"start":{"line":212,"column":31},"end":{"line":212,"column":57}},"122":{"start":{"line":213,"column":2},"end":{"line":213,"column":37}},"123":{"start":{"line":214,"column":2},"end":{"line":218,"column":5}},"124":{"start":{"line":215,"column":4},"end":{"line":215,"column":33}},"125":{"start":{"line":216,"column":4},"end":{"line":216,"column":74}},"126":{"start":{"line":217,"column":4},"end":{"line":217,"column":35}},"127":{"start":{"line":219,"column":2},"end":{"line":219,"column":17}},"128":{"start":{"line":222,"column":0},"end":{"line":225,"column":2}},"129":{"start":{"line":223,"column":2},"end":{"line":223,"column":48}},"130":{"start":{"line":224,"column":2},"end":{"line":224,"column":17}},"131":{"start":{"line":227,"column":0},"end":{"line":239,"column":2}},"132":{"start":{"line":229,"column":2},"end":{"line":236,"column":5}},"133":{"start":{"line":230,"column":4},"end":{"line":230,"column":38}},"134":{"start":{"line":232,"column":4},"end":{"line":235,"column":7}},"135":{"start":{"line":233,"column":6},"end":{"line":233,"column":41}},"136":{"start":{"line":234,"column":6},"end":{"line":234,"column":76}},"137":{"start":{"line":238,"column":2},"end":{"line":238,"column":17}},"138":{"start":{"line":241,"column":0},"end":{"line":243,"column":2}},"139":{"start":{"line":242,"column":2},"end":{"line":242,"column":26}},"140":{"start":{"line":245,"column":0},"end":{"line":256,"column":3}},"141":{"start":{"line":246,"column":2},"end":{"line":246,"column":17}},"142":{"start":{"line":247,"column":2},"end":{"line":247,"column":31}},"143":{"start":{"line":248,"column":2},"end":{"line":255,"column":5}},"144":{"start":{"line":249,"column":4},"end":{"line":249,"column":18}},"145":{"start":{"line":250,"column":4},"end":{"line":250,"column":19}},"146":{"start":{"line":251,"column":4},"end":{"line":251,"column":23}},"147":{"start":{"line":252,"column":4},"end":{"line":254,"column":5}},"148":{"start":{"line":253,"column":6},"end":{"line":253,"column":13}},"149":{"start":{"line":259,"column":0},"end":{"line":259,"column":24}},"150":{"start":{"line":261,"column":0},"end":{"line":261,"column":25}}},"branchMap":{"1":{"line":23,"type":"if","locations":[{"start":{"line":23,"column":2},"end":{"line":23,"column":2}},{"start":{"line":23,"column":2},"end":{"line":23,"column":2}}]},"2":{"line":25,"type":"if","locations":[{"start":{"line":25,"column":4},"end":{"line":25,"column":4}},{"start":{"line":25,"column":4},"end":{"line":25,"column":4}}]},"3":{"line":26,"type":"if","locations":[{"start":{"line":26,"column":6},"end":{"line":26,"column":6}},{"start":{"line":26,"column":6},"end":{"line":26,"column":6}}]},"4":{"line":35,"type":"if","locations":[{"start":{"line":35,"column":2},"end":{"line":35,"column":2}},{"start":{"line":35,"column":2},"end":{"line":35,"column":2}}]},"5":{"line":39,"type":"if","locations":[{"start":{"line":39,"column":2},"end":{"line":39,"column":2}},{"start":{"line":39,"column":2},"end":{"line":39,"column":2}}]},"6":{"line":41,"type":"if","locations":[{"start":{"line":41,"column":4},"end":{"line":41,"column":4}},{"start":{"line":41,"column":4},"end":{"line":41,"column":4}}]},"7":{"line":46,"type":"if","locations":[{"start":{"line":46,"column":2},"end":{"line":46,"column":2}},{"start":{"line":46,"column":2},"end":{"line":46,"column":2}}]},"8":{"line":49,"type":"if","locations":[{"start":{"line":49,"column":6},"end":{"line":49,"column":6}},{"start":{"line":49,"column":6},"end":{"line":49,"column":6}}]},"9":{"line":59,"type":"if","locations":[{"start":{"line":59,"column":2},"end":{"line":59,"column":2}},{"start":{"line":59,"column":2},"end":{"line":59,"column":2}}]},"10":{"line":62,"type":"if","locations":[{"start":{"line":62,"column":4},"end":{"line":62,"column":4}},{"start":{"line":62,"column":4},"end":{"line":62,"column":4}}]},"11":{"line":68,"type":"if","locations":[{"start":{"line":68,"column":4},"end":{"line":68,"column":4}},{"start":{"line":68,"column":4},"end":{"line":68,"column":4}}]},"12":{"line":68,"type":"binary-expr","locations":[{"start":{"line":68,"column":8},"end":{"line":68,"column":28}},{"start":{"line":68,"column":32},"end":{"line":68,"column":66}},{"start":{"line":69,"column":6},"end":{"line":69,"column":48}}]},"13":{"line":70,"type":"if","locations":[{"start":{"line":70,"column":6},"end":{"line":70,"column":6}},{"start":{"line":70,"column":6},"end":{"line":70,"column":6}}]},"14":{"line":83,"type":"if","locations":[{"start":{"line":83,"column":4},"end":{"line":83,"column":4}},{"start":{"line":83,"column":4},"end":{"line":83,"column":4}}]},"15":{"line":92,"type":"if","locations":[{"start":{"line":92,"column":4},"end":{"line":92,"column":4}},{"start":{"line":92,"column":4},"end":{"line":92,"column":4}}]},"16":{"line":92,"type":"binary-expr","locations":[{"start":{"line":92,"column":8},"end":{"line":92,"column":28}},{"start":{"line":92,"column":32},"end":{"line":92,"column":58}}]},"17":{"line":100,"type":"if","locations":[{"start":{"line":100,"column":8},"end":{"line":100,"column":8}},{"start":{"line":100,"column":8},"end":{"line":100,"column":8}}]},"18":{"line":104,"type":"if","locations":[{"start":{"line":104,"column":11},"end":{"line":104,"column":11}},{"start":{"line":104,"column":11},"end":{"line":104,"column":11}}]},"19":{"line":117,"type":"if","locations":[{"start":{"line":117,"column":8},"end":{"line":117,"column":8}},{"start":{"line":117,"column":8},"end":{"line":117,"column":8}}]},"20":{"line":118,"type":"if","locations":[{"start":{"line":118,"column":10},"end":{"line":118,"column":10}},{"start":{"line":118,"column":10},"end":{"line":118,"column":10}}]},"21":{"line":122,"type":"if","locations":[{"start":{"line":122,"column":15},"end":{"line":122,"column":15}},{"start":{"line":122,"column":15},"end":{"line":122,"column":15}}]},"22":{"line":122,"type":"binary-expr","locations":[{"start":{"line":122,"column":19},"end":{"line":122,"column":37}},{"start":{"line":122,"column":41},"end":{"line":122,"column":50}}]},"23":{"line":124,"type":"if","locations":[{"start":{"line":124,"column":15},"end":{"line":124,"column":15}},{"start":{"line":124,"column":15},"end":{"line":124,"column":15}}]},"24":{"line":124,"type":"binary-expr","locations":[{"start":{"line":124,"column":19},"end":{"line":124,"column":24}},{"start":{"line":124,"column":28},"end":{"line":124,"column":38}}]},"25":{"line":132,"type":"if","locations":[{"start":{"line":132,"column":4},"end":{"line":132,"column":4}},{"start":{"line":132,"column":4},"end":{"line":132,"column":4}}]},"26":{"line":142,"type":"cond-expr","locations":[{"start":{"line":142,"column":40},"end":{"line":142,"column":53}},{"start":{"line":142,"column":56},"end":{"line":142,"column":61}}]},"27":{"line":146,"type":"cond-expr","locations":[{"start":{"line":146,"column":40},"end":{"line":146,"column":44}},{"start":{"line":146,"column":47},"end":{"line":146,"column":52}}]},"28":{"line":152,"type":"if","locations":[{"start":{"line":152,"column":4},"end":{"line":152,"column":4}},{"start":{"line":152,"column":4},"end":{"line":152,"column":4}}]},"29":{"line":162,"type":"if","locations":[{"start":{"line":162,"column":6},"end":{"line":162,"column":6}},{"start":{"line":162,"column":6},"end":{"line":162,"column":6}}]},"30":{"line":169,"type":"if","locations":[{"start":{"line":169,"column":6},"end":{"line":169,"column":6}},{"start":{"line":169,"column":6},"end":{"line":169,"column":6}}]},"31":{"line":178,"type":"if","locations":[{"start":{"line":178,"column":6},"end":{"line":178,"column":6}},{"start":{"line":178,"column":6},"end":{"line":178,"column":6}}]},"32":{"line":178,"type":"binary-expr","locations":[{"start":{"line":178,"column":10},"end":{"line":178,"column":31}},{"start":{"line":178,"column":35},"end":{"line":178,"column":76}}]},"33":{"line":183,"type":"if","locations":[{"start":{"line":183,"column":12},"end":{"line":183,"column":12}},{"start":{"line":183,"column":12},"end":{"line":183,"column":12}}]},"34":{"line":183,"type":"binary-expr","locations":[{"start":{"line":183,"column":16},"end":{"line":183,"column":30}},{"start":{"line":183,"column":34},"end":{"line":183,"column":55}}]},"35":{"line":205,"type":"if","locations":[{"start":{"line":205,"column":2},"end":{"line":205,"column":2}},{"start":{"line":205,"column":2},"end":{"line":205,"column":2}}]},"36":{"line":212,"type":"if","locations":[{"start":{"line":212,"column":2},"end":{"line":212,"column":2}},{"start":{"line":212,"column":2},"end":{"line":212,"column":2}}]},"37":{"line":230,"type":"cond-expr","locations":[{"start":{"line":230,"column":19},"end":{"line":230,"column":30}},{"start":{"line":230,"column":33},"end":{"line":230,"column":37}}]},"38":{"line":252,"type":"if","locations":[{"start":{"line":252,"column":4},"end":{"line":252,"column":4}},{"start":{"line":252,"column":4},"end":{"line":252,"column":4}}]}},"code":["var debug = require('debug')('nodemon');","var path = require('path');","var monitor = require('./monitor');","var cli = require('./cli');","var version = require('./version');","var util = require('util');","var utils = require('./utils');","var bus = utils.bus;","var help = require('./help');","var config = require('./config');","var spawn = require('./spawn');","var eventHandlers = {};","","// this is fairly dirty, but theoretically sound since it's part of the","// stable module API","config.required = utils.isRequired;","","function nodemon(settings) {","  nodemon.reset();","","  // allow the cli string as the argument to nodemon, and allow for","  // `node nodemon -V app.js` or just `-V app.js`","  if (typeof settings === 'string') {","    settings = settings.trim();","    if (settings.indexOf('node') !== 0) {","      if (settings.indexOf('nodemon') !== 0) {","        settings = 'nodemon ' + settings;","      }","      settings = 'node ' + settings;","    }","    settings = cli.parse(settings);","  }","","  // set the debug flag as early as possible to get all the detailed logging","  if (settings.verbose) {","    utils.debug = true;","  }","","  if (settings.help) {","    console.log(help(settings.help));","    if (!config.required) {","      process.exit(0);","    }","  }","","  if (settings.version) {","    version().then(function (v) {","      console.log(v);","      if (!config.required) {","        process.exit(0);","      }","    });","    return;","  }","","  // nodemon tools like grunt-nodemon. This affects where","  // the script is being run from, and will affect where","  // nodemon looks for the nodemon.json files","  if (settings.cwd) {","    // this is protection to make sure we haven't dont the chdir already...","    // say like in cli/parse.js (which is where we do this once already!)","    if (process.cwd() !== path.resolve(config.system.cwd, settings.cwd)) {","      process.chdir(settings.cwd);","    }","  }","","  config.load(settings, function (config) {","    if (!config.options.dump && !config.options.execOptions.script &&","      config.options.execOptions.exec === 'node') {","      if (!config.required) {","        console.log(help('usage'));","        process.exit();","      }","      return;","    }","","    // before we print anything, update the colour setting on logging","    utils.colours = config.options.colours;","","    // always echo out the current version","    utils.log.info(version.pinned);","","    if (config.options.cwd) {","      utils.log.detail('process root: ' + process.cwd());","    }","","    config.loaded.forEach(function (filename) {","      utils.log.detail('reading config ' + filename);","    });","","    // echo out notices about running state","    if (config.options.stdin && config.options.restartable) {","      // allow nodemon to restart when the use types 'rs\\n'","      process.stdin.resume();","      process.stdin.setEncoding('utf8');","      process.stdin.on('data', function (data) {","        data = (data + '').trim().toLowerCase();","","        // if the keys entered match the restartable value, then restart!","        if (data === config.options.restartable) {","          bus.emit('restart');","        }","      });","    } else if (config.options.stdin) {","      // if 'restartable' is disabled (via a nodemon.json)","      // then it's possible we're being used with a REPL","      // so let's make sure we don't eat the key presses","      // but also, since we're wrapping, watch out for","      // special keys, like ctrl+c x 2 or '.exit' or ctrl+d","      var ctrlC = false;","      var buffer = '';","","      process.stdin.on('data', function (data) {","        buffer += data;","        data = data.toString();","        var chr = data.charCodeAt(0);","        if (chr === 3) {","          if (ctrlC) {","            process.exit();","          }","          ctrlC = true;","        } else if (buffer === '.exit' || chr === 4) {","          process.exit();","        } else if (ctrlC || chr === 10) {","          ctrlC = false;","          buffer = '';","        }","      });","      process.stdin.setRawMode(true);","    }","","    if (config.options.restartable) {","      utils.log.info('to restart at any time, enter `' +","        config.options.restartable + '`');","    }","","    var none = function (v) {","      return v;","    };","","    utils.log.detail('ignoring: ' + config.options.monitor.map(function (rule) {","      return rule.slice(0, 1) === '!' ? rule.slice(1) : false;","    }).filter(none).join(' '));","","    utils.log.info('watching: ' + config.options.monitor.map(function (rule) {","      return rule.slice(0, 1) !== '!' ? rule : false;","    }).filter(none).join(' '));","","    utils.log.detail('watching extensions: ' + config.options.execOptions.ext);","","","    if (config.options.dump) {","      utils.log._log('log', '--------------');","      utils.log._log('log', 'node: ' + process.version);","      utils.log._log('log', 'nodemon: ' + version.pinned);","      utils.log._log('log', 'command: ' + process.argv.join(' '));","      utils.log._log('log', 'cwd: ' + process.cwd());","      utils.log._log('log', ['OS:', process.platform, process.arch].join(' '));","      utils.log._log('log', '--------------');","      utils.log._log('log', util.inspect(config, { depth: null }));","      utils.log._log('log', '--------------');","      if (!config.required) {","        process.exit();","      }","","    } else {","      config.run = true;","","      if (config.options.stdout === false) {","        nodemon.on('start', function () {","          nodemon.stdout = bus.stdout;","          nodemon.stderr = bus.stderr;","","          bus.emit('readable');","        });","      }","","      if (config.options.events && Object.keys(config.options.events).length) {","        Object.keys(config.options.events).forEach(function (key) {","          utils.log.detail('bind ' + key + ' -> `' +","            config.options.events[key] + '`');","          nodemon.on(key, function () {","            if (config.options && config.options.events) {","              spawn(config.options.events[key], config,","                [].slice.apply(arguments));","            }","          });","        });","      }","","      monitor.run(config.options);","    }","  });","","  return nodemon;","}","","nodemon.restart = function () {","  utils.log.status('restarting child process');","  bus.emit('restart');","  return nodemon;","};","","nodemon.addListener = nodemon.on = function (event, handler) {","  if (!eventHandlers[event]) { eventHandlers[event] = []; }","  eventHandlers[event].push(handler);","  bus.on(event, handler);","  return nodemon;","};","","nodemon.once = function (event, handler) {","  if (!eventHandlers[event]) { eventHandlers[event] = []; }","  eventHandlers[event].push(handler);","  bus.once(event, function () {","    debug('bus.once(%s)', event);","    eventHandlers[event].splice(eventHandlers[event].indexOf(handler), 1);","    handler.apply(this, arguments);","  });","  return nodemon;","};","","nodemon.emit = function () {","  bus.emit.apply(bus, [].slice.call(arguments));","  return nodemon;","};","","nodemon.removeAllListeners = function (event) {","  // unbind only the `nodemon.on` event handlers","  Object.keys(eventHandlers).filter(function (e) {","    return event ? e === event : true;","  }).forEach(function (event) {","    eventHandlers[event].forEach(function (handler) {","      bus.removeListener(event, handler);","      eventHandlers[event].splice(eventHandlers[event].indexOf(handler), 1);","    });","  });","","  return nodemon;","};","","nodemon.reset = function (done) {","  bus.emit('reset', done);","};","","bus.on('reset', function (done) {","  debug('reset');","  nodemon.removeAllListeners();","  monitor.run.kill(true, function () {","    utils.reset();","    config.reset();","    config.run = false;","    if (done) {","      done();","    }","  });","});","","// expose the full config","nodemon.config = config;","","module.exports = nodemon;","",""],"l":{"1":1,"2":1,"3":1,"4":1,"5":1,"6":1,"7":1,"8":1,"9":1,"10":1,"11":1,"12":1,"16":1,"18":1,"19":1,"23":1,"24":0,"25":0,"26":0,"27":0,"29":0,"31":0,"35":1,"36":0,"39":1,"40":0,"41":0,"42":0,"46":1,"47":0,"48":0,"49":0,"50":0,"53":0,"59":1,"62":0,"63":0,"67":1,"
[...]
tart":{"line":197,"column":2},"end":{"line":197,"column":2}},{"start":{"line":197,"column":2},"end":{"line":197,"column":2}}]},"51":{"line":214,"type":"if","locations":[{"start":{"line":214,"column":2},"end":{"line":214,"column":2}},{"start":{"line":214,"column":2},"end":{"line":214,"column":2}}]},"52":{"line":232,"type":"if","locations":[{"start":{"line":232,"column":2},"end":{"line":232,"column":2}},{"start":{"line":232,"column":2},"end":{"line":232,"column":2}}]},"53":{"line":240,"type":"cond-expr","locations":[{"start":{"line":240,"column":25},"end":{"line":240,"column":26}},{"start":{"line":240,"column":29},"end":{"line":240,"column":35}}]}},"code":["/*","","nodemon is a utility for node, and replaces the use of the executable","node. So the user calls `nodemon foo.js` instead.","","nodemon can be run in a number of ways:","","`nodemon` - tries to use package.json#main property to run","`nodemon` - if no package, looks for index.js","`nodemon app.js` - runs app.js","`nodemon --arg app.js --apparg` - eats arg1, and runs app.js with apparg","`nodemon --apparg` - as above, but passes apparg to package.json#main (or","  index.js)","`nodemon --debug app.js","","*/","","var fs = require('fs');","var path = require('path');","var existsSync = fs.existsSync || path.existsSync;","","module.exports = parse;","","/**"," * Parses the command line arguments `process.argv` and returns the"," * nodemon options, the user script and the executable script."," *"," * @param  {Array} full process arguments, including `node` leading arg"," * @return {Object} { options, script, args }"," */","function parse(argv) {","  if (typeof argv === 'string') {","    argv = argv.split(' ');","  }","","  var eat = function (i, args) {","    if (i <= args.length) {","      return args.splice(i + 1, 1).pop();","    }","  };","","  var args = argv.slice(2);","  var script = null;","  var nodemonOptions = { scriptPosition: null };","","  var nodemonOpt = nodemonOption.bind(null, nodemonOptions);","  var lookForArgs = true;","","  // move forward through the arguments","  for (var i = 0; i < args.length; i++) {","    // if the argument looks like a file, then stop eating","    if (!script) {","      if (args[i] === '.' || existsSync(args[i])) {","        script = args.splice(i, 1).pop();","","        // we capture the position of the script because we'll reinsert it in","        // the right place in run.js:command (though I'm not sure we should even","        // take it out of the array in the first place, but this solves passing","        // arguments to the exec process for now).","        nodemonOptions.scriptPosition = i;","        i--;","        continue;","      }","    }","","    if (lookForArgs) {","      // respect the standard way of saying: hereafter belongs to my script","      if (args[i] === '--') {","        args.splice(i, 1);","        // cycle back one argument, as we just ate this one up","        i--;","","        // ignore all further nodemon arguments","        lookForArgs = false;","","        // move to the next iteration","        continue;","      }","","      if (nodemonOpt(args[i], eat.bind(null, i, args)) !== false) {","        args.splice(i, 1);","        // cycle back one argument, as we just ate this one up","        i--;","      }","    }","  }","","  if (script === null && !nodemonOptions.exec) {","    var found = findAppScript();","    if (found !== null) {","      if (found.exec) {","        nodemonOptions.exec = found.exec;","      }","      script = found.script;","      nodemonOptions.scriptPosition = args.length;","    }","  }","","  nodemonOptions.script = script;","  nodemonOptions.args = args;","","  return nodemonOptions;","}","","","/**"," * Given an argument (ie. from process.argv), sets nodemon"," * options and can eat up the argument value"," *"," * @param {Object} options object that will be updated"," * @param {Sting} current argument from argv"," * @param {Function} the callback to eat up the next argument in argv"," * @return {Boolean} false if argument was not a nodemon arg"," */","function nodemonOption(options, arg, eatNext) {","  // line seperation on purpose to help legibility","  if (arg === '--help' || arg === '-h' || arg === '-?') {","    var help = eatNext();","    options.help = help ? help : true;","  } else","","  if (arg === '--version' || arg === '-v') {","    options.version = true;","  } else","","  if (arg === '--dump') {","    options.dump = true;","  } else","","  if (arg === '--verbose' || arg === '-V') {","    options.verbose = true;","  } else","","  if (arg === '--legacy-watch' || arg === '-L') {","    options.legacyWatch = true;","  } else","","  if (arg === '--polling-interval' || arg === '-P') {","    options.pollingInterval = parseInt(eatNext(), 10);","  } else","","  // Depricated as this is \"on\" by default","  if (arg === '--js') {","    options.js = true;","  } else","","  if (arg === '--quiet' || arg === '-q') {","    options.quiet = true;","  } else","","  if (arg === '--hidden') { // TODO document this flag?","    options.hidden = true;","  } else","","  if (arg === '--config') {","    options.configFile = eatNext();","  } else","","  if (arg === '--watch' || arg === '-w') {","    if (!options.watch) { options.watch = []; }","    options.watch.push(eatNext());","  } else","","  if (arg === '--ignore' || arg === '-i') {","    if (!options.ignore) { options.ignore = []; }","    options.ignore.push(eatNext());","  } else","","  if (arg === '--exitcrash') {","    options.exitcrash = true;","  } else","","  if (arg === '--delay' || arg === '-d') {","    options.delay = parseDelay(eatNext());","  } else","","  if (arg === '--exec' || arg === '-x') {","    options.exec = eatNext();","  } else","","  if (arg === '--no-stdin' || arg === '-I') {","    options.stdin = false;","  } else","","  if (arg === '--on-change-only' || arg === '-C') {","    options.runOnChangeOnly = true;","  } else","","  if (arg === '--ext' || arg === '-e') {","    options.ext = eatNext();","  } else","","  if (arg === '--no-colours' || arg === '--no-colors') {","    options.colours = false;","  } else","","  if (arg === '--cwd') {","    options.cwd = eatNext();","","    // go ahead and change directory. This is primarily for nodemon tools like","    // grunt-nodemon - we're doing this early because it will affect where the","    // user script is searched for.","    process.chdir(path.resolve(options.cwd));","  } else {","","    // this means we didn't match","    return false;","  }","}","","function findAppScript() {","  // nodemon has been run alone, so try to read the package file","  // or try to read the index.js file","  if (existsSync('./index.js')) {","    return { exec: null, script: 'index.js' };","  }","","  return null;","}","","/**"," * Given an argument (ie. from nodemonOption()), will parse and return the"," * equivalent millisecond value or 0 if the argument cannot be parsed"," *"," * @param {String} argument value given to the --delay option"," * @return {Number} millisecond equivalent of the argument"," */","function parseDelay(value) {","  var millisPerSecond = 1000;","  var millis = 0;","","  if (value.match(/^\\d*ms$/)) {","    // Explicitly parse for milliseconds when using ms time specifier","    millis = parseInt(value, 10);","  } else {","    // Otherwise, parse for seconds, with or without time specifier then convert","    millis = parseFloat(value) * millisPerSecond;","  }","","  return isNaN(millis) ? 0 : millis;","}","",""],"l":{"18":1,"19":1,"20":1,"22":1,"31":1,"32":1,"33":0,"36":1,"37":0,"38":0,"42":1,"43":1,"44":1,"46":1,"47":1,"50":1,"52":0,"53":0,"54":0,"60":0,"61":0,"62":0,"66":0,"68":0,"69":0,"71":0,"74":0,"77":0,"80":0,"81":0,"83":0,"88":1,"89":1,"90":1,"91":0,"92":0,"94":0,"95":0,"99":1,"100":1,"102":1,"115":1,"117":0,"118":0,"119":0,"122":0,"123":0,"126":0,"127":0,"130":0,"131":0,"134":0,"135":0,"138":0,"139":0,"143":0,"144":0,"147":0,"148":0,"151":0,"152":0,"155":0,"156":0,"159":0,"160":0,"161":0,"164":0,"165":0,"166":0,"169":0,"170":0,"173":0,"174":0,"177":0,"178":0,"181":0,"182":0,"185":0,"186":0,"189":0,"190":0,"193":0,"194":0,"197":0,"198":0,"203":0,"207":0,"211":1,"214":1,"215":0,"218":1,"228":1,"229":0,"230":0,"232":0,"234":0,"237":0,"240":0}},"/home/travis/build/npmtest/node-npmtest-nodemon/node_modules/nodemon/lib/help/index.js":{"path":"/home/travis/build/npmtest/node-npmtest-nodemon/node_modules/nodemon/lib/help/index.js","s":{"1":1,"2":1,"3":1,"4":1,"5":0,"6":0,"7":0,"8":0,"9":0,"10":0,"11":0,"12":0,"13":0,"14":0},"b":{"1":[0,0],"2":[0,0]},"f":{"1":0},"fnMap":{"1":{"name":"help","line":6,"loc":{"start":{"line":6,"column":0},"end":{"line":6,"column":20}}}},"statementMap":{"1":{"start":{"line":1,"column":0},"end":{"line":1,"column":23}},"2":{"start":{"line":2,"column":0},"end":{"line":2,"column":27}},"3":{"start":{"line":4,"column":0},"end":{"line":4,"column":22}},"4":{"start":{"line":6,"column":0},"end":{"line":24,"column":1}},"5":{"start":{"line":7,"column":2},"end":{"line":11,"column":3}},"6":{"start":{"line":8,"column":4},"end":{"line":8,"column":18}},"7":{"start":{"line":9,"column":9},"end":{"line":11,"column":3}},"8":{"start":{"line":10,"column":4},"end":{"line":10,"column":18}},"9":{"start":{"line":15,"column":2},"end":{"line":15,"column":38}},"10":{"start":{"line":17,"column":2},"end":{"line":23,"column":3}},"11":{"start":{"line":18,"column":4},"end":{"line":18,"column":76}},"12":{"start":{"line":19,"column":4},"end":{"line":19,"column":44}},"13":{"start":{"line":20,"column":4},"end":{"line":20,"column":16}},"14":{"start":{"line":22,"column":4},"end":{"line":22,"column":49}}},"branchMap":{"1":{"line":7,"type":"if","locations":[{"start":{"line":7,"column":2},"end":{"line":7,"column":2}},{"start":{"line":7,"column":2},"end":{"line":7,"column":2}}]},"2":{"line":9,"type":"if","locations":[{"start":{"line":9,"column":9},"end":{"line":9,"column":9}},{"start":{"line":9,"column":9},"end":{"line":9,"column":9}}]}},"code":["var fs = require('fs');","var path = require('path');","","module.exports = help;","","function help(item) {","  if (!item) {","    item = 'help';","  } else if (item === true) { // if used with -h or --help and no args","    item = 'help';","  }","","  // cleanse the filename to only contain letters","  // aka: /\\W/g but figured this was eaiser to read","  item = item.replace(/[^a-z]/gi, '');","","  try {","    var dir = path.join(__dirname, '..', '..', 'doc', 'cli', item + '.txt');","    var body = fs.readFileSync(dir, 'utf8');","    return body;","  } catch (e) {","    return '\"' + item + '\" help can\\'t be found';","  }","}"],"l":{"1":1,"2":1,"4":1,"6":1,"7":0,"8":0,"9":0,"10":0,"15":0,"17":0,"18":0,"19":0,"20":0,"22":0}},"/home/travis/build/npmtest/node-npmtest-nodemon/node_modules/nodemon/lib/spawn.js":{"path":"/home/travis/build/npmtest/node-npmtest-nodemon/node_modules/nodemon/lib/spawn.js","s":{"1":1,"2":1,"3":1,"4":1,"5":1,"6":1,"7":0,"8":0,"9":0,"10":0,"11":0,"12":0,"13":0,"14":0,"15":0,"16":0,"17":0,"18":0,"19":0,"20":0,"21":0,"22":0,"23":0,"24":0,"25":0,"26":0,"27":0,"28":0,"29":0,"30":0,"31":0,"32":0,"33":0},"b":{"1":[0,0],"2":[0,0],"3":[0,0],"4":[0,0],"5":[0,0],"6":[0,0],"7":[0,0]},"f":{"1":0,"2":0,"3":0},"fnMap":{"1":{"name":"spawn","line":7,"loc":{"start":{"line":7,"column":17},"end":{"line":7,"column":60}}},"2":{"name":"(anonymous_2)","line":43,"loc":{"start":{"line":43,"column":14},"end":{"line":43,"column":30}}},"3":{"name":"(anonymous_3)","line":46,"loc":{"start":{"line":46,"column":14},"end":{"line":46,"column":30}}}},"statementMap":{"1":{"start":{"line":1,"column":0},"end":{"line":1,"column":31}},"2":{"start":{"line":2,"column":0},"end":{"line":2,"column":24}},"3":{"start":{"line":3,"column":0},"end":{"line":3,"column":20}},"4":{"start":{"line":4,"column":0},"end":{"line":4,"column":44}},"5":{"start":{"line":5,"column":0},"end":{"line":5,"column":32}},"6":{"start":{"line":7,"column":0},"end":{"line":62,"column":2}},"7":{"start":{"line":8,"column":2},"end":{"line":8,"column":39}},"8":{"start":{"line":9,"column":2},"end":{"line":9,"column":19}},"9":{"start":{"line":11,"column":2},"end":{"line":13,"column":3}},"10":{"start":{"line":12,"column":4},"end":{"line":12,"column":53}},"11":{"start":{"line":15,"column":2},"end":{"line":15,"column":16}},"12":{"start":{"line":16,"column":2},"end":{"line":16,"column":20}},"13":{"start":{"line":18,"column":2},"end":{"line":21,"column":3}},"14":{"start":{"line":19,"column":4},"end":{"line":19,"column":15}},"15":{"start":{"line":20,"column":4},"end":{"line":20,"column":18}},"16":{"start":{"line":23,"column":2},"end":{"line":23,"column":16}},"17":{"start":{"line":25,"column":2},"end":{"line":27,"column":3}},"18":{"start":{"line":26,"column":4},"end":{"line":26,"column":24}},"19":{"start":{"line":29,"column":2},"end":{"line":29,"column":27}},"20":{"start":{"line":31,"column":2},"end":{"line":39,"column":3}},"21":{"start":{"line":32,"column":4},"end":{"line":32,"column":61}},"22":{"start":{"line":33,"column":4},"end":{"line":36,"column":7}},"23":{"start":{"line":38,"column":4},"end":{"line":38,"column":28}},"24":{"start":{"line":41,"column":2},"end":{"line":61,"column":3}},"25":{"start":{"line":42,"column":4},"end":{"line":49,"column":6}},"26":{"start":{"line":44,"column":8},"end":{"line":44,"column":33}},"27":{"start":{"line":47,"column":8},"end":{"line":47,"column":33}},"28":{"start":{"line":52,"column":4},"end":{"line":60,"column":5}},"29":{"start":{"line":53,"column":6},"end":{"line":53,"column":64}},"30":{"start":{"line":55,"column":6},"end":{"line":55,"column":43}},"31":{"start":{"line":56,"column":6},"end":{"line":56,"column":43}},"32":{"start":{"line":58,"column":6},"end":{"line":58,"column":32}},"33":{"start":{"line":59,"column":6},"end":{"line":59,"column":32}}},"branchMap":{"1":{"line":11,"type":"if","locations":[{"start":{"line":11,"column":2},"end":{"line":11,"column":2}},{"start":{"line":11,"column":2},"end":{"line":11,"column":2}}]},"2":{"line":18,"type":"if","locations":[{"start":{"line":18,"column":2},"end":{"line":18,"column":2}},{"start":{"line":18,"column":2},"end":{"line":18,"column":2}}]},"3":{"line":25,"type":"if","locations":[{"start":{"line":25,"column":2},"end":{"line":25,"column":2}},{"start":{"line":25,"column":2},"end":{"line":25,"column":2}}]},"4":{"line":31,"type":"if","locations":[{"start":{"line":31,"column":2},"end":{"line":31,"column":2}},{"start":{"line":31,"column":2},"end":{"line":31,"column":2}}]},"5":{"line":31,"type":"binary-expr","locations":[{"start":{"line":31,"column":6},"end":{"line":31,"column":30}},{"start":{"line":31,"column":34},"end":{"line":31,"column":58}}]},"6":{"line":41,"type":"if","locations":[{"start":{"line":41,"column":2},"end":{"line":41,"column":2}},{"start":{"line":41,"column":2},"end":{"line":41,"column":2}}]},"7":{"line":52,"type":"if","locations":[{"start":{"line":52,"column":4},"end":{"line":52,"column":4}},{"start":{"line":52,"column":4},"end":{"line":52,"column":4}}]}},"code":["var utils = require('./utils');","var merge = utils.merge;","var bus = utils.bus;","var childProcess = require('child_process');","var _spawn = childProcess.spawn;","","module.exports = function spawn(command, config, eventArgs) {","  var stdio = ['pipe', 'pipe', 'pipe'];","  var child = null;","","  if (config.options.stdout) {","    stdio = ['pipe', process.stdout, process.stderr];","  }","","  var sh = 'sh';","  var shFlag = '-c';","","  if (utils.isWindows) {","    sh = 'cmd';","    shFlag = '/c';","  }","","  var args = '';","","  if (!Array.isArray(command)) {","    command = [command];","  }","","  args = command.join(' ');","","  if (utils.version.major >= 1 || utils.version.minor >= 8) {","    var env = merge(process.env, { FILENAME: eventArgs[0] });","    child = _spawn(sh, [shFlag, args], {","      env: merge(config.options.execOptions.env, env),","      stdio: stdio,","    });","  } else {","    child = spawn(sh, args);","  }","","  if (config.required) {","    var emit = {","      stdout: function (data) {","        bus.emit('stdout', data);","      },","      stderr: function (data) {","        bus.emit('stderr', data);","      },","    };","","    // now work out what to bind to...","    if (config.options.stdout) {","      child.on('stdout', emit.stdout).on('stderr', emit.stderr);","    } else {","      child.stdout.on('data', emit.stdout);","      child.stderr.on('data', emit.stderr);","","      bus.stdout = child.stdout;","      bus.stderr = child.stderr;","    }","  }","};",""],"l":{"1":1,"2":1,"3":1,"4":1,"5":1,"7":1,"8":0,"9":0,"11":0,"12":0,"15":0,"16":0,"18":0,"19":0,"20":0,"23":0,"25":0,"26":0,"29":0,"31":0,"32":0,"33":0,"38":0,"41":0,"42":0,"44":0,"47":0,"52":0,"53":0,"55":0,"56":0,"58":0,"59":0}},"/home/travis/build/npmtest/node-npmtest-nodemon/node_modules/nodemon/bin/nodemon.js":{"path":"/home/travis/build/npmtest/node-npmtest-nodemon/node_modules/nodemon/bin/nodemon.js","s":{"1":1,"2":1,"3":1,"4":1,"5":1,"6":1,"7":1,"8":1},"b":{},"f":{},"fnMap":{},"statementMap":{"1":{"start":{"line":3,"column":0},"end":{"line":3,"column":32}},"2":{"start":{"line":4,"column":0},"end":{"line":4,"column":33}},"3":{"start":{"line":5,"column":0},"end":{"line":5,"column":38}},"4":{"start":{"line":7,"column":0},"end":{"line":7,"column":17}},"5":{"start":{"line":9,"column":0},"end":{"line":9,"column":23}},"6":{"start":{"line":12,"column":0},"end":{"line":12,"column":42}},"7":{"start":{"line":13,"column":0},"end":{"line":13,"column":70}},"8":{"start":{"line":15,"column":0},"end":{"line":17,"column":12}}},"branchMap":{},"code":["//#!/usr/bin/env node","'use strict';","var cli = require('../lib/cli');","var nodemon = require('../lib/');","var options = cli.parse(process.argv);","","nodemon(options);","","var fs = require('fs');","","// checks for available update and returns an instance","var defaults = require('lodash.defaults');","var pkg = JSON.parse(fs.readFileSync(__dirname + '/../package.json'));","","require('update-notifier')({","  pkg: defaults(pkg, { version: '0.0.0' }),","}).notify();",""],"l":{"3":1,"4":1,"5":1,"7":1,"9":1,"12":1,"13":1,"15":1}},"/home/travis/build/npmtest/node-npmtest-nodemon/node_modules/nodemon/lib/index.js":{"path":"/home/travis/build/npmtest/node-npmtest-nodemon/node_modules/nodemon/lib/index.js","s":{"1":1},"b":{},"f":{},"fnMap":{},"statementMap":{"1":{"start":{"line":1,"column":0},"end":{"line":1,"column":38}}},"branchMap":{},"code":["module.exports = require('./nodemon');"],"l":{"1":1}},"/home/travis/build/npmtest/node-npmtest-nodemon/node_modules/nodemon/web/index.js":{"path":"/home/travis/build/npmtest/node-npmtest-nodemon/node_modules/nodemon/web/index.js","s":{"1":1,"2":1,"3":1,"4":0,"5":0,"6":0},"b":{"1":[1,0]},"f":{"1":0,"2":0},"fnMap":{"1":{"name":"(anonymous_1)","line":7,"loc":{"start":{"line":7,"column":31},"end":{"line":7,"column":51}}},"2":{"name":"(anonymous_2)","line":10,"loc":{"start":{"line":10,"column":33},"end":{"line":10,"column":45}}}},"statementMap":{"1":{"start":{"line":2,"column":0},"end":{"line":3,"column":23}},"2":{"start":{"line":5,"column":0},"end":{"line":5,"column":62}},"3":{"start":{"line":7,"column":0},"end":{"line":12,"column":3}},"4":{"start":{"line":8,"column":2},"end":{"line":8,"column":54}},"5":{"start":{"line":9,"column":2},"end":{"line":9,"column":16}},"6":{"start":{"line":11,"column":2},"end":{"line":11,"column":72}}},"branchMap":{"1":{"line":10,"type":"binary-expr","locations":[{"start":{"line":10,"column":10},"end":{"line":10,"column":26}},{"start":{"line":10,"column":30},"end":{"line":10,"column":31}}]}},"code":["'use strict';","var http = require('http'),","    fs = require('fs');","","var page = fs.readFileSync(__dirname + '/index.html', 'utf8');","","var server = http.createServer(function (req, res) {","  res.writeHead(200, { 'content-type': 'text/html' });","  res.end(page);","}).listen(process.env.PORT || 0, function () {","  console.log('Listening on http://localhost:' + server.address().port);","});"],"l":{"2":1,"5":1,"7":1,"8":0,"9":0,"11":0}}}